24-07-2021 13:39:20.090 [Gauge] [DEBUG] Created gauge_screenshots_dir at C:\Users\testinium\Desktop\Intellij-Projects\LcwaikikiProject\.gauge\screenshots
24-07-2021 13:39:20.091 [Gauge] [DEBUG] Plugin java is already installed.
24-07-2021 13:39:20.092 [Gauge] [DEBUG] Plugin html-report is already installed.
24-07-2021 13:39:20.092 [Gauge] [DEBUG] Parsing started.
24-07-2021 13:39:20.092 [Gauge] [DEBUG] Started concepts parsing.
24-07-2021 13:39:20.097 [Gauge] [DEBUG] 15 concepts parsing completed.
24-07-2021 13:39:20.097 [Gauge] [DEBUG] Started specifications parsing.
24-07-2021 13:39:20.097 [Gauge] [DEBUG] 1 specifications parsing completed.
24-07-2021 13:39:20.097 [Gauge] [DEBUG] Parsing completed.
24-07-2021 13:39:20.109 [java] [DEBUG] ***** Printing Properties/Env Values *****
24-07-2021 13:39:20.109 [java] [DEBUG] PATH: C:\Program Files\Java\jdk1.8.0_291\bin;C:\Windows\system32;C:\Windows;C:\Windows\System32\Wbem;C:\Windows\System32\WindowsPowerShell\v1.0\;C:\Windows\System32\OpenSSH\;C:\Program Files\NVIDIA Corporation\NVIDIA NvDLISR;C:\Program Files\nodejs\;C:\Program Files\maven\apache-maven-3.8.1\bin;C:\Program Files\Gauge\bin;C:\WINDOWS\system32;C:\WINDOWS;C:\WINDOWS\System32\Wbem;C:\WINDOWS\System32\WindowsPowerShell\v1.0\;C:\WINDOWS\System32\OpenSSH\;C:\Users\testinium\AppData\Local\Android\Sdk;C:\Users\testinium\AppData\Local\Android\Sdk\platform-tools;C:\Users\testinium\AppData\Local\Android\Sdk\tools;C:\Users\testinium\AppData\Local\Android\Sdk\build-tools;C:\Users\testinium\AppData\Local\Microsoft\WindowsApps;C:\Users\testinium\AppData\Roaming\npm;C:\Users\testinium\AppData\Local\GitHubDesktop\bin;C:\Users\testinium\AppData\Roaming\gauge\plugins\screenshot\0.0.1
24-07-2021 13:39:20.109 [java] [DEBUG] JAVA_HOME: C:\Program Files\Java\jdk1.8.0_291
24-07-2021 13:39:20.109 [java] [DEBUG] gauge_project_root: C:\Users\testinium\Desktop\Intellij-Projects\LcwaikikiProject
24-07-2021 13:39:20.109 [java] [DEBUG] gauge_parallel_streams_count: 
24-07-2021 13:39:20.109 [java] [DEBUG] gauge_reports_dir: reports
24-07-2021 13:39:20.109 [java] [DEBUG] overwrite_reports: true
24-07-2021 13:39:20.109 [java] [DEBUG] logs_directory: logs
24-07-2021 13:39:20.109 [java] [DEBUG] enable_multithreading: 
24-07-2021 13:39:20.109 [java] [DEBUG] gauge_specs_dir: specs
24-07-2021 13:39:20.109 [java] [DEBUG] csv_delimiter: ,
24-07-2021 13:39:20.109 [java] [DEBUG] gauge_java_home: 
24-07-2021 13:39:20.109 [java] [DEBUG] gauge_custom_build_path: 
24-07-2021 13:39:20.109 [java] [DEBUG] gauge_additional_libs: libs/*
24-07-2021 13:39:20.109 [java] [DEBUG] gauge_jvm_args: 
24-07-2021 13:39:20.109 [java] [DEBUG] gauge_custom_compile_dir: 
24-07-2021 13:39:20.109 [java] [DEBUG] gauge_clear_state_level: scenario
24-07-2021 13:39:20.109 [java] [DEBUG] ***** END *****
24-07-2021 13:39:21.907 [java] [ERROR] Installed version of gauge-java (0.7.15) does not match with dependency gauge-java (0.7.4) specified in pom.xml file
24-07-2021 13:39:21.907 [java] [DEBUG] classpath set to C:\Program Files\Java\jdk1.8.0_291\jre\lib\charsets.jar;C:\Program Files\Java\jdk1.8.0_291\jre\lib\deploy.jar;C:\Program Files\Java\jdk1.8.0_291\jre\lib\ext\access-bridge-64.jar;C:\Program Files\Java\jdk1.8.0_291\jre\lib\ext\cldrdata.jar;C:\Program Files\Java\jdk1.8.0_291\jre\lib\ext\dnsns.jar;C:\Program Files\Java\jdk1.8.0_291\jre\lib\ext\jaccess.jar;C:\Program Files\Java\jdk1.8.0_291\jre\lib\ext\jfxrt.jar;C:\Program Files\Java\jdk1.8.0_291\jre\lib\ext\localedata.jar;C:\Program Files\Java\jdk1.8.0_291\jre\lib\ext\nashorn.jar;C:\Program Files\Java\jdk1.8.0_291\jre\lib\ext\sunec.jar;C:\Program Files\Java\jdk1.8.0_291\jre\lib\ext\sunjce_provider.jar;C:\Program Files\Java\jdk1.8.0_291\jre\lib\ext\sunmscapi.jar;C:\Program Files\Java\jdk1.8.0_291\jre\lib\ext\sunpkcs11.jar;C:\Program Files\Java\jdk1.8.0_291\jre\lib\ext\zipfs.jar;C:\Program Files\Java\jdk1.8.0_291\jre\lib\javaws.jar;C:\Program Files\Java\jdk1.8.0_291\jre\lib\jce.jar;C:\Program Files\Java\jdk1.8.0_291\jre\lib\jfr.jar;C:\Program Files\Java\jdk1.8.0_291\jre\lib\jfxswt.jar;C:\Program Files\Java\jdk1.8.0_291\jre\lib\jsse.jar;C:\Program Files\Java\jdk1.8.0_291\jre\lib\management-agent.jar;C:\Program Files\Java\jdk1.8.0_291\jre\lib\plugin.jar;C:\Program Files\Java\jdk1.8.0_291\jre\lib\resources.jar;C:\Program Files\Java\jdk1.8.0_291\jre\lib\rt.jar;C:\Users\testinium\Desktop\Intellij-Projects\LcwaikikiProject\target\test-classes;C:\Users\testinium\Desktop\Intellij-Projects\LcwaikikiProject\target\classes;C:\Users\testinium\.m2\repository\junit\junit\4.13.2\junit-4.13.2.jar;C:\Users\testinium\.m2\repository\org\hamcrest\hamcrest-core\1.3\hamcrest-core-1.3.jar;C:\Users\testinium\.m2\repository\org\seleniumhq\selenium\selenium-java\3.141.59\selenium-java-3.141.59.jar;C:\Users\testinium\.m2\repository\org\seleniumhq\selenium\selenium-api\3.141.59\selenium-api-3.141.59.jar;C:\Users\testinium\.m2\repository\org\seleniumhq\selenium\selenium-chrome-driver\3.141.59\selenium-chrome-driver-3.141.59.jar;C:\Users\testinium\.m2\repository\org\seleniumhq\selenium\selenium-edge-driver\3.141.59\selenium-edge-driver-3.141.59.jar;C:\Users\testinium\.m2\repository\org\seleniumhq\selenium\selenium-firefox-driver\3.141.59\selenium-firefox-driver-3.141.59.jar;C:\Users\testinium\.m2\repository\org\seleniumhq\selenium\selenium-ie-driver\3.141.59\selenium-ie-driver-3.141.59.jar;C:\Users\testinium\.m2\repository\org\seleniumhq\selenium\selenium-opera-driver\3.141.59\selenium-opera-driver-3.141.59.jar;C:\Users\testinium\.m2\repository\org\seleniumhq\selenium\selenium-remote-driver\3.141.59\selenium-remote-driver-3.141.59.jar;C:\Users\testinium\.m2\repository\org\seleniumhq\selenium\selenium-safari-driver\3.141.59\selenium-safari-driver-3.141.59.jar;C:\Users\testinium\.m2\repository\org\seleniumhq\selenium\selenium-support\3.141.59\selenium-support-3.141.59.jar;C:\Users\testinium\.m2\repository\net\bytebuddy\byte-buddy\1.8.15\byte-buddy-1.8.15.jar;C:\Users\testinium\.m2\repository\org\apache\commons\commons-exec\1.3\commons-exec-1.3.jar;C:\Users\testinium\.m2\repository\com\google\guava\guava\25.0-jre\guava-25.0-jre.jar;C:\Users\testinium\.m2\repository\com\google\code\findbugs\jsr305\1.3.9\jsr305-1.3.9.jar;C:\Users\testinium\.m2\repository\org\checkerframework\checker-compat-qual\2.0.0\checker-compat-qual-2.0.0.jar;C:\Users\testinium\.m2\repository\com\google\errorprone\error_prone_annotations\2.1.3\error_prone_annotations-2.1.3.jar;C:\Users\testinium\.m2\repository\com\google\j2objc\j2objc-annotations\1.1\j2objc-annotations-1.1.jar;C:\Users\testinium\.m2\repository\org\codehaus\mojo\animal-sniffer-annotations\1.14\animal-sniffer-annotations-1.14.jar;C:\Users\testinium\.m2\repository\com\squareup\okhttp3\okhttp\3.11.0\okhttp-3.11.0.jar;C:\Users\testinium\.m2\repository\com\squareup\okio\okio\1.14.0\okio-1.14.0.jar;C:\Users\testinium\.m2\repository\com\thoughtworks\gauge\gauge-java\0.7.4\gauge-java-0.7.4.jar;C:\Users\testinium\.m2\repository\org\assertj\assertj-core\3.14.0\assertj-core-3.14.0.jar;C:\Users\testinium\.m2\repository\org\reflections\reflections\0.9.11\reflections-0.9.11.jar;C:\Users\testinium\.m2\repository\org\javassist\javassist\3.21.0-GA\javassist-3.21.0-GA.jar;C:\Users\testinium\.m2\repository\com\github\javaparser\javaparser-core\2.5.1\javaparser-core-2.5.1.jar;C:\Users\testinium\.m2\repository\commons-io\commons-io\2.6\commons-io-2.6.jar;C:\Users\testinium\.m2\repository\commons-lang\commons-lang\2.6\commons-lang-2.6.jar;C:\Users\testinium\.m2\repository\org\json\json\20190722\json-20190722.jar;C:\Users\testinium\.m2\repository\com\google\protobuf\protobuf-java\3.11.1\protobuf-java-3.11.1.jar;C:\Users\testinium\.m2\repository\io\grpc\grpc-netty-shaded\1.26.0\grpc-netty-shaded-1.26.0.jar;C:\Users\testinium\.m2\repository\io\grpc\grpc-core\1.26.0\grpc-core-1.26.0.jar;C:\Users\testinium\.m2\repository\com\google\android\annotations\4.1.1.4\annotations-4.1.1.4.jar;C:\Users\testinium\.m2\repository\io\perfmark\perfmark-api\0.19.0\perfmark-api-0.19.0.jar;C:\Users\testinium\.m2\repository\io\opencensus\opencensus-api\0.24.0\opencensus-api-0.24.0.jar;C:\Users\testinium\.m2\repository\io\opencensus\opencensus-contrib-grpc-metrics\0.24.0\opencensus-contrib-grpc-metrics-0.24.0.jar;C:\Users\testinium\.m2\repository\io\grpc\grpc-protobuf\1.26.0\grpc-protobuf-1.26.0.jar;C:\Users\testinium\.m2\repository\io\grpc\grpc-api\1.26.0\grpc-api-1.26.0.jar;C:\Users\testinium\.m2\repository\io\grpc\grpc-context\1.26.0\grpc-context-1.26.0.jar;C:\Users\testinium\.m2\repository\com\google\api\grpc\proto-google-common-protos\1.12.0\proto-google-common-protos-1.12.0.jar;C:\Users\testinium\.m2\repository\io\grpc\grpc-protobuf-lite\1.26.0\grpc-protobuf-lite-1.26.0.jar;C:\Users\testinium\.m2\repository\io\grpc\grpc-stub\1.24.1\grpc-stub-1.24.1.jar;C:\Users\testinium\.m2\repository\javax\annotation\javax.annotation-api\1.3.2\javax.annotation-api-1.3.2.jar;C:\Users\testinium\.m2\repository\com\google\code\gson\gson\2.8.5\gson-2.8.5.jar;C:\Users\testinium\.m2\repository\log4j\log4j\1.2.17\log4j-1.2.17.jar
24-07-2021 13:39:21.936 [java] [DEBUG] found java executable in C:\Program Files\Java\jdk1.8.0_291\jre\bin\java.exe
24-07-2021 13:39:21.936 [java] [DEBUG] running - C:\Program Files\Java\jdk1.8.0_291\jre\bin\java.exe [-Dfile.encoding=UTF-8 com.thoughtworks.gauge.GaugeRuntime --start]
24-07-2021 13:39:21.936 [java] [DEBUG] stdout/stderr is logged to logs\16512-java.exe.out
24-07-2021 13:39:22.632 [Gauge] [DEBUG] Checking updates...
24-07-2021 13:39:22.633 [Gauge] [DEBUG] Downloading https://downloads.gauge.org/plugin/html-report?l=java&p=html-report,java,screenshot,spectacle,xml-report&o=windows&a=amd64
24-07-2021 13:39:22.734 [Gauge] [DEBUG] Attempting to connect to grpc server at port: 50865
24-07-2021 13:39:22.828 [Gauge] [DEBUG] Successfully made the connection with runner with port: 50865
24-07-2021 13:39:22.828 [Gauge] [DEBUG] Validation started.
24-07-2021 13:39:22.927 [Gauge] [DEBUG] Validation completed.
24-07-2021 13:39:22.928 [Gauge] [DEBUG] Run started
24-07-2021 13:39:22.928 [Gauge] [DEBUG] Starting Html Report plugin
24-07-2021 13:39:22.939 [Gauge] [DEBUG] Attempting to connect to grpc server at port: 50868
24-07-2021 13:39:22.940 [Gauge] [DEBUG] Successfully made the connection with plugin with port: 50868
24-07-2021 13:39:22.940 [Gauge] [DEBUG] Initialising suite data store.
24-07-2021 13:39:24.847 [Gauge] [DEBUG] Downloading https://downloads.gauge.org/plugin/java?l=java&p=html-report,java,screenshot,spectacle,xml-report&o=windows&a=amd64
24-07-2021 13:39:25.234 [java] [DEBUG] Scanning packages for steps
24-07-2021 13:39:25.243 [java] [DEBUG] Scanning packages for hooks
24-07-2021 13:39:25.277 [Gauge] [DEBUG] Downloading https://downloads.gauge.org/plugin/screenshot?l=java&p=html-report,java,screenshot,spectacle,xml-report&o=windows&a=amd64
24-07-2021 13:39:25.475 [Gauge] [DEBUG] Downloading https://downloads.gauge.org/plugin/spectacle?l=java&p=html-report,java,screenshot,spectacle,xml-report&o=windows&a=amd64
24-07-2021 13:39:25.683 [Gauge] [DEBUG] Downloading https://downloads.gauge.org/plugin/xml-report?l=java&p=html-report,java,screenshot,spectacle,xml-report&o=windows&a=amd64
24-07-2021 13:39:51.789 [html-report] [DEBUG] Transformed SuiteResult to report structure
24-07-2021 13:39:51.810 [html-report] [INFO] Successfully generated html-report to => C:\Users\testinium\Desktop\Intellij-Projects\LcwaikikiProject\reports\html-report\index.html
24-07-2021 13:39:51.810 [html-report] [DEBUG] Done generating HTML report using theme from C:\Users\testinium\AppData\Roaming\gauge\plugins\html-report\4.0.12\themes\default
24-07-2021 13:39:51.810 [Gauge] [DEBUG] Sending kill message to Html Report plugin.
24-07-2021 13:39:52.435 [Gauge] [DEBUG] Runner with PID:16512 has exited
24-07-2021 13:39:52.435 [Gauge] [INFO] Specifications:	1 executed	1 passed	0 failed	0 skipped
24-07-2021 13:39:52.435 [Gauge] [INFO] Scenarios:	1 executed	1 passed	0 failed	0 skipped
24-07-2021 13:39:52.435 [Gauge] [INFO] 
Total time taken: 28.86s
24-07-2021 13:39:52.435 [Gauge] [INFO] Updates are available. Run `gauge update -c` for more info.
25-07-2021 14:52:37.642 [Gauge] [DEBUG] Created gauge_screenshots_dir at C:\Users\testinium\Desktop\Intellij-Projects\LcwaikikiProject\.gauge\screenshots
25-07-2021 14:52:37.659 [Gauge] [DEBUG] Plugin java is already installed.
25-07-2021 14:52:37.660 [Gauge] [DEBUG] Plugin html-report is already installed.
25-07-2021 14:52:37.661 [Gauge] [DEBUG] Parsing started.
25-07-2021 14:52:37.662 [Gauge] [DEBUG] Started concepts parsing.
25-07-2021 14:52:37.666 [Gauge] [DEBUG] 15 concepts parsing completed.
25-07-2021 14:52:37.666 [Gauge] [DEBUG] Started specifications parsing.
25-07-2021 14:52:37.667 [Gauge] [DEBUG] 1 specifications parsing completed.
25-07-2021 14:52:37.667 [Gauge] [DEBUG] Parsing completed.
25-07-2021 14:52:37.972 [Gauge] [DEBUG] Checking updates...
25-07-2021 14:52:37.973 [Gauge] [DEBUG] Downloading https://downloads.gauge.org/plugin/html-report?l=java&p=html-report,java,screenshot,spectacle,xml-report&o=windows&a=amd64
25-07-2021 14:52:38.361 [java] [DEBUG] ***** Printing Properties/Env Values *****
25-07-2021 14:52:38.361 [java] [DEBUG] PATH: C:\Program Files\Java\jdk1.8.0_291\bin;C:\Windows\system32;C:\Windows;C:\Windows\System32\Wbem;C:\Windows\System32\WindowsPowerShell\v1.0\;C:\Windows\System32\OpenSSH\;C:\Program Files\NVIDIA Corporation\NVIDIA NvDLISR;C:\Program Files\nodejs\;C:\Program Files\maven\apache-maven-3.8.1\bin;C:\Program Files\Gauge\bin;C:\WINDOWS\system32;C:\WINDOWS;C:\WINDOWS\System32\Wbem;C:\WINDOWS\System32\WindowsPowerShell\v1.0\;C:\WINDOWS\System32\OpenSSH\;C:\Users\testinium\AppData\Local\Android\Sdk;C:\Users\testinium\AppData\Local\Android\Sdk\platform-tools;C:\Users\testinium\AppData\Local\Android\Sdk\tools;C:\Users\testinium\AppData\Local\Android\Sdk\build-tools;C:\Users\testinium\AppData\Local\Microsoft\WindowsApps;C:\Users\testinium\AppData\Roaming\npm;C:\Users\testinium\AppData\Local\GitHubDesktop\bin;C:\Users\testinium\AppData\Roaming\gauge\plugins\screenshot\0.0.1
25-07-2021 14:52:38.361 [java] [DEBUG] JAVA_HOME: C:\Program Files\Java\jdk1.8.0_291
25-07-2021 14:52:38.361 [java] [DEBUG] gauge_project_root: C:\Users\testinium\Desktop\Intellij-Projects\LcwaikikiProject
25-07-2021 14:52:38.361 [java] [DEBUG] gauge_parallel_streams_count: 
25-07-2021 14:52:38.361 [java] [DEBUG] gauge_reports_dir: reports
25-07-2021 14:52:38.361 [java] [DEBUG] overwrite_reports: true
25-07-2021 14:52:38.361 [java] [DEBUG] logs_directory: logs
25-07-2021 14:52:38.361 [java] [DEBUG] enable_multithreading: 
25-07-2021 14:52:38.361 [java] [DEBUG] gauge_specs_dir: specs
25-07-2021 14:52:38.361 [java] [DEBUG] csv_delimiter: ,
25-07-2021 14:52:38.361 [java] [DEBUG] gauge_java_home: 
25-07-2021 14:52:38.361 [java] [DEBUG] gauge_custom_build_path: 
25-07-2021 14:52:38.361 [java] [DEBUG] gauge_additional_libs: libs/*
25-07-2021 14:52:38.361 [java] [DEBUG] gauge_jvm_args: 
25-07-2021 14:52:38.361 [java] [DEBUG] gauge_custom_compile_dir: 
25-07-2021 14:52:38.361 [java] [DEBUG] gauge_clear_state_level: scenario
25-07-2021 14:52:38.361 [java] [DEBUG] ***** END *****
25-07-2021 14:52:38.508 [Gauge] [DEBUG] Downloading https://downloads.gauge.org/plugin/java?l=java&p=html-report,java,screenshot,spectacle,xml-report&o=windows&a=amd64
25-07-2021 14:52:38.688 [Gauge] [DEBUG] Downloading https://downloads.gauge.org/plugin/screenshot?l=java&p=html-report,java,screenshot,spectacle,xml-report&o=windows&a=amd64
25-07-2021 14:52:38.873 [Gauge] [DEBUG] Downloading https://downloads.gauge.org/plugin/spectacle?l=java&p=html-report,java,screenshot,spectacle,xml-report&o=windows&a=amd64
25-07-2021 14:52:39.064 [Gauge] [DEBUG] Downloading https://downloads.gauge.org/plugin/xml-report?l=java&p=html-report,java,screenshot,spectacle,xml-report&o=windows&a=amd64
25-07-2021 14:52:40.838 [java] [ERROR] Installed version of gauge-java (0.7.15) does not match with dependency gauge-java (0.7.4) specified in pom.xml file
25-07-2021 14:52:40.838 [java] [DEBUG] classpath set to C:\Program Files\Java\jdk1.8.0_291\jre\lib\charsets.jar;C:\Program Files\Java\jdk1.8.0_291\jre\lib\deploy.jar;C:\Program Files\Java\jdk1.8.0_291\jre\lib\ext\access-bridge-64.jar;C:\Program Files\Java\jdk1.8.0_291\jre\lib\ext\cldrdata.jar;C:\Program Files\Java\jdk1.8.0_291\jre\lib\ext\dnsns.jar;C:\Program Files\Java\jdk1.8.0_291\jre\lib\ext\jaccess.jar;C:\Program Files\Java\jdk1.8.0_291\jre\lib\ext\jfxrt.jar;C:\Program Files\Java\jdk1.8.0_291\jre\lib\ext\localedata.jar;C:\Program Files\Java\jdk1.8.0_291\jre\lib\ext\nashorn.jar;C:\Program Files\Java\jdk1.8.0_291\jre\lib\ext\sunec.jar;C:\Program Files\Java\jdk1.8.0_291\jre\lib\ext\sunjce_provider.jar;C:\Program Files\Java\jdk1.8.0_291\jre\lib\ext\sunmscapi.jar;C:\Program Files\Java\jdk1.8.0_291\jre\lib\ext\sunpkcs11.jar;C:\Program Files\Java\jdk1.8.0_291\jre\lib\ext\zipfs.jar;C:\Program Files\Java\jdk1.8.0_291\jre\lib\javaws.jar;C:\Program Files\Java\jdk1.8.0_291\jre\lib\jce.jar;C:\Program Files\Java\jdk1.8.0_291\jre\lib\jfr.jar;C:\Program Files\Java\jdk1.8.0_291\jre\lib\jfxswt.jar;C:\Program Files\Java\jdk1.8.0_291\jre\lib\jsse.jar;C:\Program Files\Java\jdk1.8.0_291\jre\lib\management-agent.jar;C:\Program Files\Java\jdk1.8.0_291\jre\lib\plugin.jar;C:\Program Files\Java\jdk1.8.0_291\jre\lib\resources.jar;C:\Program Files\Java\jdk1.8.0_291\jre\lib\rt.jar;C:\Users\testinium\Desktop\Intellij-Projects\LcwaikikiProject\target\test-classes;C:\Users\testinium\Desktop\Intellij-Projects\LcwaikikiProject\target\classes;C:\Users\testinium\.m2\repository\junit\junit\4.13.2\junit-4.13.2.jar;C:\Users\testinium\.m2\repository\org\hamcrest\hamcrest-core\1.3\hamcrest-core-1.3.jar;C:\Users\testinium\.m2\repository\org\seleniumhq\selenium\selenium-java\3.141.59\selenium-java-3.141.59.jar;C:\Users\testinium\.m2\repository\org\seleniumhq\selenium\selenium-api\3.141.59\selenium-api-3.141.59.jar;C:\Users\testinium\.m2\repository\org\seleniumhq\selenium\selenium-chrome-driver\3.141.59\selenium-chrome-driver-3.141.59.jar;C:\Users\testinium\.m2\repository\org\seleniumhq\selenium\selenium-edge-driver\3.141.59\selenium-edge-driver-3.141.59.jar;C:\Users\testinium\.m2\repository\org\seleniumhq\selenium\selenium-firefox-driver\3.141.59\selenium-firefox-driver-3.141.59.jar;C:\Users\testinium\.m2\repository\org\seleniumhq\selenium\selenium-ie-driver\3.141.59\selenium-ie-driver-3.141.59.jar;C:\Users\testinium\.m2\repository\org\seleniumhq\selenium\selenium-opera-driver\3.141.59\selenium-opera-driver-3.141.59.jar;C:\Users\testinium\.m2\repository\org\seleniumhq\selenium\selenium-remote-driver\3.141.59\selenium-remote-driver-3.141.59.jar;C:\Users\testinium\.m2\repository\org\seleniumhq\selenium\selenium-safari-driver\3.141.59\selenium-safari-driver-3.141.59.jar;C:\Users\testinium\.m2\repository\org\seleniumhq\selenium\selenium-support\3.141.59\selenium-support-3.141.59.jar;C:\Users\testinium\.m2\repository\net\bytebuddy\byte-buddy\1.8.15\byte-buddy-1.8.15.jar;C:\Users\testinium\.m2\repository\org\apache\commons\commons-exec\1.3\commons-exec-1.3.jar;C:\Users\testinium\.m2\repository\com\google\guava\guava\25.0-jre\guava-25.0-jre.jar;C:\Users\testinium\.m2\repository\com\google\code\findbugs\jsr305\1.3.9\jsr305-1.3.9.jar;C:\Users\testinium\.m2\repository\org\checkerframework\checker-compat-qual\2.0.0\checker-compat-qual-2.0.0.jar;C:\Users\testinium\.m2\repository\com\google\errorprone\error_prone_annotations\2.1.3\error_prone_annotations-2.1.3.jar;C:\Users\testinium\.m2\repository\com\google\j2objc\j2objc-annotations\1.1\j2objc-annotations-1.1.jar;C:\Users\testinium\.m2\repository\org\codehaus\mojo\animal-sniffer-annotations\1.14\animal-sniffer-annotations-1.14.jar;C:\Users\testinium\.m2\repository\com\squareup\okhttp3\okhttp\3.11.0\okhttp-3.11.0.jar;C:\Users\testinium\.m2\repository\com\squareup\okio\okio\1.14.0\okio-1.14.0.jar;C:\Users\testinium\.m2\repository\com\thoughtworks\gauge\gauge-java\0.7.4\gauge-java-0.7.4.jar;C:\Users\testinium\.m2\repository\org\assertj\assertj-core\3.14.0\assertj-core-3.14.0.jar;C:\Users\testinium\.m2\repository\org\reflections\reflections\0.9.11\reflections-0.9.11.jar;C:\Users\testinium\.m2\repository\org\javassist\javassist\3.21.0-GA\javassist-3.21.0-GA.jar;C:\Users\testinium\.m2\repository\com\github\javaparser\javaparser-core\2.5.1\javaparser-core-2.5.1.jar;C:\Users\testinium\.m2\repository\commons-io\commons-io\2.6\commons-io-2.6.jar;C:\Users\testinium\.m2\repository\commons-lang\commons-lang\2.6\commons-lang-2.6.jar;C:\Users\testinium\.m2\repository\org\json\json\20190722\json-20190722.jar;C:\Users\testinium\.m2\repository\com\google\protobuf\protobuf-java\3.11.1\protobuf-java-3.11.1.jar;C:\Users\testinium\.m2\repository\io\grpc\grpc-netty-shaded\1.26.0\grpc-netty-shaded-1.26.0.jar;C:\Users\testinium\.m2\repository\io\grpc\grpc-core\1.26.0\grpc-core-1.26.0.jar;C:\Users\testinium\.m2\repository\com\google\android\annotations\4.1.1.4\annotations-4.1.1.4.jar;C:\Users\testinium\.m2\repository\io\perfmark\perfmark-api\0.19.0\perfmark-api-0.19.0.jar;C:\Users\testinium\.m2\repository\io\opencensus\opencensus-api\0.24.0\opencensus-api-0.24.0.jar;C:\Users\testinium\.m2\repository\io\opencensus\opencensus-contrib-grpc-metrics\0.24.0\opencensus-contrib-grpc-metrics-0.24.0.jar;C:\Users\testinium\.m2\repository\io\grpc\grpc-protobuf\1.26.0\grpc-protobuf-1.26.0.jar;C:\Users\testinium\.m2\repository\io\grpc\grpc-api\1.26.0\grpc-api-1.26.0.jar;C:\Users\testinium\.m2\repository\io\grpc\grpc-context\1.26.0\grpc-context-1.26.0.jar;C:\Users\testinium\.m2\repository\com\google\api\grpc\proto-google-common-protos\1.12.0\proto-google-common-protos-1.12.0.jar;C:\Users\testinium\.m2\repository\io\grpc\grpc-protobuf-lite\1.26.0\grpc-protobuf-lite-1.26.0.jar;C:\Users\testinium\.m2\repository\io\grpc\grpc-stub\1.24.1\grpc-stub-1.24.1.jar;C:\Users\testinium\.m2\repository\javax\annotation\javax.annotation-api\1.3.2\javax.annotation-api-1.3.2.jar;C:\Users\testinium\.m2\repository\com\google\code\gson\gson\2.8.5\gson-2.8.5.jar;C:\Users\testinium\.m2\repository\log4j\log4j\1.2.17\log4j-1.2.17.jar
25-07-2021 14:52:40.932 [java] [DEBUG] found java executable in C:\Program Files\Java\jdk1.8.0_291\jre\bin\java.exe
25-07-2021 14:52:40.932 [java] [DEBUG] running - C:\Program Files\Java\jdk1.8.0_291\jre\bin\java.exe [-Dfile.encoding=UTF-8 com.thoughtworks.gauge.GaugeRuntime --start]
25-07-2021 14:52:40.932 [java] [DEBUG] stdout/stderr is logged to logs\10388-java.exe.out
25-07-2021 14:52:41.952 [Gauge] [DEBUG] Attempting to connect to grpc server at port: 52015
25-07-2021 14:52:42.084 [Gauge] [DEBUG] Successfully made the connection with runner with port: 52015
25-07-2021 14:52:42.084 [Gauge] [DEBUG] Validation started.
25-07-2021 14:52:42.230 [Gauge] [DEBUG] Validation completed.
25-07-2021 14:52:42.232 [Gauge] [DEBUG] Run started
25-07-2021 14:52:42.233 [Gauge] [DEBUG] Starting Html Report plugin
25-07-2021 14:52:43.038 [Gauge] [DEBUG] Attempting to connect to grpc server at port: 52018
25-07-2021 14:52:43.039 [Gauge] [DEBUG] Successfully made the connection with plugin with port: 52018
25-07-2021 14:52:43.039 [Gauge] [DEBUG] Initialising suite data store.
25-07-2021 14:52:45.925 [java] [DEBUG] Scanning packages for steps
25-07-2021 14:52:45.941 [java] [DEBUG] Scanning packages for hooks
25-07-2021 14:53:24.147 [html-report] [DEBUG] Transformed SuiteResult to report structure
25-07-2021 14:53:24.218 [html-report] [INFO] Successfully generated html-report to => C:\Users\testinium\Desktop\Intellij-Projects\LcwaikikiProject\reports\html-report\index.html
25-07-2021 14:53:24.218 [html-report] [DEBUG] Done generating HTML report using theme from C:\Users\testinium\AppData\Roaming\gauge\plugins\html-report\4.0.12\themes\default
25-07-2021 14:53:24.218 [Gauge] [DEBUG] Sending kill message to Html Report plugin.
25-07-2021 14:53:25.131 [Gauge] [DEBUG] Runner with PID:10388 has exited
25-07-2021 14:53:25.131 [Gauge] [INFO] Specifications:	1 executed	0 passed	1 failed	0 skipped
25-07-2021 14:53:25.131 [Gauge] [INFO] Scenarios:	1 executed	0 passed	1 failed	0 skipped
25-07-2021 14:53:25.131 [Gauge] [INFO] 
Total time taken: 41.91s
25-07-2021 14:53:25.132 [Gauge] [INFO] Updates are available. Run `gauge update -c` for more info.
25-07-2021 14:53:48.463 [Gauge] [DEBUG] Created gauge_screenshots_dir at C:\Users\testinium\Desktop\Intellij-Projects\LcwaikikiProject\.gauge\screenshots
25-07-2021 14:53:48.466 [Gauge] [DEBUG] Plugin html-report is already installed.
25-07-2021 14:53:48.466 [Gauge] [DEBUG] Plugin java is already installed.
25-07-2021 14:53:48.468 [Gauge] [DEBUG] Parsing started.
25-07-2021 14:53:48.468 [Gauge] [DEBUG] Started concepts parsing.
25-07-2021 14:53:48.495 [Gauge] [DEBUG] 15 concepts parsing completed.
25-07-2021 14:53:48.496 [Gauge] [DEBUG] Started specifications parsing.
25-07-2021 14:53:48.496 [Gauge] [DEBUG] 1 specifications parsing completed.
25-07-2021 14:53:48.496 [Gauge] [DEBUG] Parsing completed.
25-07-2021 14:53:48.521 [java] [DEBUG] ***** Printing Properties/Env Values *****
25-07-2021 14:53:48.521 [java] [DEBUG] PATH: C:\Program Files\Java\jdk1.8.0_291\bin;C:\Windows\system32;C:\Windows;C:\Windows\System32\Wbem;C:\Windows\System32\WindowsPowerShell\v1.0\;C:\Windows\System32\OpenSSH\;C:\Program Files\NVIDIA Corporation\NVIDIA NvDLISR;C:\Program Files\nodejs\;C:\Program Files\maven\apache-maven-3.8.1\bin;C:\Program Files\Gauge\bin;C:\WINDOWS\system32;C:\WINDOWS;C:\WINDOWS\System32\Wbem;C:\WINDOWS\System32\WindowsPowerShell\v1.0\;C:\WINDOWS\System32\OpenSSH\;C:\Users\testinium\AppData\Local\Android\Sdk;C:\Users\testinium\AppData\Local\Android\Sdk\platform-tools;C:\Users\testinium\AppData\Local\Android\Sdk\tools;C:\Users\testinium\AppData\Local\Android\Sdk\build-tools;C:\Users\testinium\AppData\Local\Microsoft\WindowsApps;C:\Users\testinium\AppData\Roaming\npm;C:\Users\testinium\AppData\Local\GitHubDesktop\bin;C:\Users\testinium\AppData\Roaming\gauge\plugins\screenshot\0.0.1
25-07-2021 14:53:48.521 [java] [DEBUG] JAVA_HOME: C:\Program Files\Java\jdk1.8.0_291
25-07-2021 14:53:48.521 [java] [DEBUG] gauge_project_root: C:\Users\testinium\Desktop\Intellij-Projects\LcwaikikiProject
25-07-2021 14:53:48.521 [java] [DEBUG] gauge_parallel_streams_count: 
25-07-2021 14:53:48.521 [java] [DEBUG] gauge_reports_dir: reports
25-07-2021 14:53:48.521 [java] [DEBUG] overwrite_reports: true
25-07-2021 14:53:48.521 [java] [DEBUG] logs_directory: logs
25-07-2021 14:53:48.521 [java] [DEBUG] enable_multithreading: 
25-07-2021 14:53:48.521 [java] [DEBUG] gauge_specs_dir: specs
25-07-2021 14:53:48.521 [java] [DEBUG] csv_delimiter: ,
25-07-2021 14:53:48.521 [java] [DEBUG] gauge_java_home: 
25-07-2021 14:53:48.521 [java] [DEBUG] gauge_custom_build_path: 
25-07-2021 14:53:48.521 [java] [DEBUG] gauge_additional_libs: libs/*
25-07-2021 14:53:48.521 [java] [DEBUG] gauge_jvm_args: 
25-07-2021 14:53:48.521 [java] [DEBUG] gauge_custom_compile_dir: 
25-07-2021 14:53:48.521 [java] [DEBUG] gauge_clear_state_level: scenario
25-07-2021 14:53:48.521 [java] [DEBUG] ***** END *****
25-07-2021 14:53:48.760 [Gauge] [DEBUG] Checking updates...
25-07-2021 14:53:48.762 [Gauge] [DEBUG] Downloading https://downloads.gauge.org/plugin/html-report?l=java&p=html-report,java,screenshot,spectacle,xml-report&o=windows&a=amd64
25-07-2021 14:53:49.313 [Gauge] [DEBUG] Downloading https://downloads.gauge.org/plugin/java?l=java&p=html-report,java,screenshot,spectacle,xml-report&o=windows&a=amd64
25-07-2021 14:53:49.471 [Gauge] [DEBUG] Downloading https://downloads.gauge.org/plugin/screenshot?l=java&p=html-report,java,screenshot,spectacle,xml-report&o=windows&a=amd64
25-07-2021 14:53:49.665 [Gauge] [DEBUG] Downloading https://downloads.gauge.org/plugin/spectacle?l=java&p=html-report,java,screenshot,spectacle,xml-report&o=windows&a=amd64
25-07-2021 14:53:49.867 [Gauge] [DEBUG] Downloading https://downloads.gauge.org/plugin/xml-report?l=java&p=html-report,java,screenshot,spectacle,xml-report&o=windows&a=amd64
25-07-2021 14:53:51.385 [java] [ERROR] Installed version of gauge-java (0.7.15) does not match with dependency gauge-java (0.7.4) specified in pom.xml file
25-07-2021 14:53:51.385 [java] [DEBUG] classpath set to C:\Program Files\Java\jdk1.8.0_291\jre\lib\charsets.jar;C:\Program Files\Java\jdk1.8.0_291\jre\lib\deploy.jar;C:\Program Files\Java\jdk1.8.0_291\jre\lib\ext\access-bridge-64.jar;C:\Program Files\Java\jdk1.8.0_291\jre\lib\ext\cldrdata.jar;C:\Program Files\Java\jdk1.8.0_291\jre\lib\ext\dnsns.jar;C:\Program Files\Java\jdk1.8.0_291\jre\lib\ext\jaccess.jar;C:\Program Files\Java\jdk1.8.0_291\jre\lib\ext\jfxrt.jar;C:\Program Files\Java\jdk1.8.0_291\jre\lib\ext\localedata.jar;C:\Program Files\Java\jdk1.8.0_291\jre\lib\ext\nashorn.jar;C:\Program Files\Java\jdk1.8.0_291\jre\lib\ext\sunec.jar;C:\Program Files\Java\jdk1.8.0_291\jre\lib\ext\sunjce_provider.jar;C:\Program Files\Java\jdk1.8.0_291\jre\lib\ext\sunmscapi.jar;C:\Program Files\Java\jdk1.8.0_291\jre\lib\ext\sunpkcs11.jar;C:\Program Files\Java\jdk1.8.0_291\jre\lib\ext\zipfs.jar;C:\Program Files\Java\jdk1.8.0_291\jre\lib\javaws.jar;C:\Program Files\Java\jdk1.8.0_291\jre\lib\jce.jar;C:\Program Files\Java\jdk1.8.0_291\jre\lib\jfr.jar;C:\Program Files\Java\jdk1.8.0_291\jre\lib\jfxswt.jar;C:\Program Files\Java\jdk1.8.0_291\jre\lib\jsse.jar;C:\Program Files\Java\jdk1.8.0_291\jre\lib\management-agent.jar;C:\Program Files\Java\jdk1.8.0_291\jre\lib\plugin.jar;C:\Program Files\Java\jdk1.8.0_291\jre\lib\resources.jar;C:\Program Files\Java\jdk1.8.0_291\jre\lib\rt.jar;C:\Users\testinium\Desktop\Intellij-Projects\LcwaikikiProject\target\test-classes;C:\Users\testinium\Desktop\Intellij-Projects\LcwaikikiProject\target\classes;C:\Users\testinium\.m2\repository\junit\junit\4.13.2\junit-4.13.2.jar;C:\Users\testinium\.m2\repository\org\hamcrest\hamcrest-core\1.3\hamcrest-core-1.3.jar;C:\Users\testinium\.m2\repository\org\seleniumhq\selenium\selenium-java\3.141.59\selenium-java-3.141.59.jar;C:\Users\testinium\.m2\repository\org\seleniumhq\selenium\selenium-api\3.141.59\selenium-api-3.141.59.jar;C:\Users\testinium\.m2\repository\org\seleniumhq\selenium\selenium-chrome-driver\3.141.59\selenium-chrome-driver-3.141.59.jar;C:\Users\testinium\.m2\repository\org\seleniumhq\selenium\selenium-edge-driver\3.141.59\selenium-edge-driver-3.141.59.jar;C:\Users\testinium\.m2\repository\org\seleniumhq\selenium\selenium-firefox-driver\3.141.59\selenium-firefox-driver-3.141.59.jar;C:\Users\testinium\.m2\repository\org\seleniumhq\selenium\selenium-ie-driver\3.141.59\selenium-ie-driver-3.141.59.jar;C:\Users\testinium\.m2\repository\org\seleniumhq\selenium\selenium-opera-driver\3.141.59\selenium-opera-driver-3.141.59.jar;C:\Users\testinium\.m2\repository\org\seleniumhq\selenium\selenium-remote-driver\3.141.59\selenium-remote-driver-3.141.59.jar;C:\Users\testinium\.m2\repository\org\seleniumhq\selenium\selenium-safari-driver\3.141.59\selenium-safari-driver-3.141.59.jar;C:\Users\testinium\.m2\repository\org\seleniumhq\selenium\selenium-support\3.141.59\selenium-support-3.141.59.jar;C:\Users\testinium\.m2\repository\net\bytebuddy\byte-buddy\1.8.15\byte-buddy-1.8.15.jar;C:\Users\testinium\.m2\repository\org\apache\commons\commons-exec\1.3\commons-exec-1.3.jar;C:\Users\testinium\.m2\repository\com\google\guava\guava\25.0-jre\guava-25.0-jre.jar;C:\Users\testinium\.m2\repository\com\google\code\findbugs\jsr305\1.3.9\jsr305-1.3.9.jar;C:\Users\testinium\.m2\repository\org\checkerframework\checker-compat-qual\2.0.0\checker-compat-qual-2.0.0.jar;C:\Users\testinium\.m2\repository\com\google\errorprone\error_prone_annotations\2.1.3\error_prone_annotations-2.1.3.jar;C:\Users\testinium\.m2\repository\com\google\j2objc\j2objc-annotations\1.1\j2objc-annotations-1.1.jar;C:\Users\testinium\.m2\repository\org\codehaus\mojo\animal-sniffer-annotations\1.14\animal-sniffer-annotations-1.14.jar;C:\Users\testinium\.m2\repository\com\squareup\okhttp3\okhttp\3.11.0\okhttp-3.11.0.jar;C:\Users\testinium\.m2\repository\com\squareup\okio\okio\1.14.0\okio-1.14.0.jar;C:\Users\testinium\.m2\repository\com\thoughtworks\gauge\gauge-java\0.7.4\gauge-java-0.7.4.jar;C:\Users\testinium\.m2\repository\org\assertj\assertj-core\3.14.0\assertj-core-3.14.0.jar;C:\Users\testinium\.m2\repository\org\reflections\reflections\0.9.11\reflections-0.9.11.jar;C:\Users\testinium\.m2\repository\org\javassist\javassist\3.21.0-GA\javassist-3.21.0-GA.jar;C:\Users\testinium\.m2\repository\com\github\javaparser\javaparser-core\2.5.1\javaparser-core-2.5.1.jar;C:\Users\testinium\.m2\repository\commons-io\commons-io\2.6\commons-io-2.6.jar;C:\Users\testinium\.m2\repository\commons-lang\commons-lang\2.6\commons-lang-2.6.jar;C:\Users\testinium\.m2\repository\org\json\json\20190722\json-20190722.jar;C:\Users\testinium\.m2\repository\com\google\protobuf\protobuf-java\3.11.1\protobuf-java-3.11.1.jar;C:\Users\testinium\.m2\repository\io\grpc\grpc-netty-shaded\1.26.0\grpc-netty-shaded-1.26.0.jar;C:\Users\testinium\.m2\repository\io\grpc\grpc-core\1.26.0\grpc-core-1.26.0.jar;C:\Users\testinium\.m2\repository\com\google\android\annotations\4.1.1.4\annotations-4.1.1.4.jar;C:\Users\testinium\.m2\repository\io\perfmark\perfmark-api\0.19.0\perfmark-api-0.19.0.jar;C:\Users\testinium\.m2\repository\io\opencensus\opencensus-api\0.24.0\opencensus-api-0.24.0.jar;C:\Users\testinium\.m2\repository\io\opencensus\opencensus-contrib-grpc-metrics\0.24.0\opencensus-contrib-grpc-metrics-0.24.0.jar;C:\Users\testinium\.m2\repository\io\grpc\grpc-protobuf\1.26.0\grpc-protobuf-1.26.0.jar;C:\Users\testinium\.m2\repository\io\grpc\grpc-api\1.26.0\grpc-api-1.26.0.jar;C:\Users\testinium\.m2\repository\io\grpc\grpc-context\1.26.0\grpc-context-1.26.0.jar;C:\Users\testinium\.m2\repository\com\google\api\grpc\proto-google-common-protos\1.12.0\proto-google-common-protos-1.12.0.jar;C:\Users\testinium\.m2\repository\io\grpc\grpc-protobuf-lite\1.26.0\grpc-protobuf-lite-1.26.0.jar;C:\Users\testinium\.m2\repository\io\grpc\grpc-stub\1.24.1\grpc-stub-1.24.1.jar;C:\Users\testinium\.m2\repository\javax\annotation\javax.annotation-api\1.3.2\javax.annotation-api-1.3.2.jar;C:\Users\testinium\.m2\repository\com\google\code\gson\gson\2.8.5\gson-2.8.5.jar;C:\Users\testinium\.m2\repository\log4j\log4j\1.2.17\log4j-1.2.17.jar
25-07-2021 14:53:51.433 [java] [DEBUG] found java executable in C:\Program Files\Java\jdk1.8.0_291\jre\bin\java.exe
25-07-2021 14:53:51.433 [java] [DEBUG] running - C:\Program Files\Java\jdk1.8.0_291\jre\bin\java.exe [-Dfile.encoding=UTF-8 com.thoughtworks.gauge.GaugeRuntime --start]
25-07-2021 14:53:51.433 [java] [DEBUG] stdout/stderr is logged to logs\11276-java.exe.out
25-07-2021 14:53:52.377 [Gauge] [DEBUG] Attempting to connect to grpc server at port: 55133
25-07-2021 14:53:52.492 [Gauge] [DEBUG] Successfully made the connection with runner with port: 55133
25-07-2021 14:53:52.493 [Gauge] [DEBUG] Validation started.
25-07-2021 14:53:52.610 [Gauge] [DEBUG] Validation completed.
25-07-2021 14:53:52.610 [Gauge] [DEBUG] Run started
25-07-2021 14:53:52.611 [Gauge] [DEBUG] Starting Html Report plugin
25-07-2021 14:53:52.626 [Gauge] [DEBUG] Attempting to connect to grpc server at port: 55136
25-07-2021 14:53:52.627 [Gauge] [DEBUG] Successfully made the connection with plugin with port: 55136
25-07-2021 14:53:52.627 [Gauge] [DEBUG] Initialising suite data store.
25-07-2021 14:53:55.388 [java] [DEBUG] Scanning packages for steps
25-07-2021 14:53:55.406 [java] [DEBUG] Scanning packages for hooks
25-07-2021 14:54:21.239 [html-report] [DEBUG] Transformed SuiteResult to report structure
25-07-2021 14:54:21.289 [html-report] [INFO] Successfully generated html-report to => C:\Users\testinium\Desktop\Intellij-Projects\LcwaikikiProject\reports\html-report\index.html
25-07-2021 14:54:21.289 [html-report] [DEBUG] Done generating HTML report using theme from C:\Users\testinium\AppData\Roaming\gauge\plugins\html-report\4.0.12\themes\default
25-07-2021 14:54:21.289 [Gauge] [DEBUG] Sending kill message to Html Report plugin.
25-07-2021 14:54:21.902 [Gauge] [DEBUG] Runner with PID:11276 has exited
25-07-2021 14:54:21.902 [Gauge] [INFO] Specifications:	1 executed	1 passed	0 failed	0 skipped
25-07-2021 14:54:21.902 [Gauge] [INFO] Scenarios:	1 executed	1 passed	0 failed	0 skipped
25-07-2021 14:54:21.902 [Gauge] [INFO] 
Total time taken: 28.619s
25-07-2021 14:54:21.902 [Gauge] [INFO] Updates are available. Run `gauge update -c` for more info.
26-07-2021 03:18:30.691 [Gauge] [DEBUG] Created gauge_screenshots_dir at C:\Users\testinium\Desktop\Intellij-Projects\LcwaikikiProject\.gauge\screenshots
26-07-2021 03:18:30.697 [Gauge] [DEBUG] Plugin java is already installed.
26-07-2021 03:18:30.698 [Gauge] [DEBUG] Plugin html-report is already installed.
26-07-2021 03:18:30.699 [Gauge] [DEBUG] Parsing started.
26-07-2021 03:18:30.699 [Gauge] [DEBUG] Started concepts parsing.
26-07-2021 03:18:30.706 [Gauge] [DEBUG] 15 concepts parsing completed.
26-07-2021 03:18:30.706 [Gauge] [DEBUG] Started specifications parsing.
26-07-2021 03:18:30.709 [Gauge] [DEBUG] 1 specifications parsing completed.
26-07-2021 03:18:30.709 [Gauge] [DEBUG] Parsing completed.
26-07-2021 03:18:30.734 [java] [DEBUG] ***** Printing Properties/Env Values *****
26-07-2021 03:18:30.734 [java] [DEBUG] PATH: C:\Program Files\Java\jdk1.8.0_291\bin;C:\Windows\system32;C:\Windows;C:\Windows\System32\Wbem;C:\Windows\System32\WindowsPowerShell\v1.0\;C:\Windows\System32\OpenSSH\;C:\Program Files\NVIDIA Corporation\NVIDIA NvDLISR;C:\Program Files\nodejs\;C:\Program Files\maven\apache-maven-3.8.1\bin;C:\Program Files\Gauge\bin;C:\WINDOWS\system32;C:\WINDOWS;C:\WINDOWS\System32\Wbem;C:\WINDOWS\System32\WindowsPowerShell\v1.0\;C:\WINDOWS\System32\OpenSSH\;C:\Users\testinium\AppData\Local\Android\Sdk;C:\Users\testinium\AppData\Local\Android\Sdk\platform-tools;C:\Users\testinium\AppData\Local\Android\Sdk\tools;C:\Users\testinium\AppData\Local\Android\Sdk\build-tools;C:\Users\testinium\AppData\Local\Microsoft\WindowsApps;C:\Users\testinium\AppData\Roaming\npm;C:\Users\testinium\AppData\Local\GitHubDesktop\bin;C:\Users\testinium\AppData\Roaming\gauge\plugins\screenshot\0.0.1
26-07-2021 03:18:30.734 [java] [DEBUG] JAVA_HOME: C:\Program Files\Java\jdk1.8.0_291
26-07-2021 03:18:30.734 [java] [DEBUG] gauge_project_root: C:\Users\testinium\Desktop\Intellij-Projects\LcwaikikiProject
26-07-2021 03:18:30.734 [java] [DEBUG] gauge_parallel_streams_count: 
26-07-2021 03:18:30.734 [java] [DEBUG] gauge_reports_dir: reports
26-07-2021 03:18:30.734 [java] [DEBUG] overwrite_reports: true
26-07-2021 03:18:30.734 [java] [DEBUG] logs_directory: logs
26-07-2021 03:18:30.734 [java] [DEBUG] enable_multithreading: 
26-07-2021 03:18:30.734 [java] [DEBUG] gauge_specs_dir: specs
26-07-2021 03:18:30.734 [java] [DEBUG] csv_delimiter: ,
26-07-2021 03:18:30.734 [java] [DEBUG] gauge_java_home: 
26-07-2021 03:18:30.734 [java] [DEBUG] gauge_custom_build_path: 
26-07-2021 03:18:30.734 [java] [DEBUG] gauge_additional_libs: libs/*
26-07-2021 03:18:30.734 [java] [DEBUG] gauge_jvm_args: 
26-07-2021 03:18:30.734 [java] [DEBUG] gauge_custom_compile_dir: 
26-07-2021 03:18:30.734 [java] [DEBUG] gauge_clear_state_level: scenario
26-07-2021 03:18:30.734 [java] [DEBUG] ***** END *****
26-07-2021 03:18:30.995 [Gauge] [DEBUG] Checking updates...
26-07-2021 03:18:30.996 [Gauge] [DEBUG] Downloading https://downloads.gauge.org/plugin/html-report?l=java&p=html-report,java,screenshot,spectacle,xml-report&o=windows&a=amd64
26-07-2021 03:18:31.441 [Gauge] [DEBUG] Downloading https://downloads.gauge.org/plugin/java?l=java&p=html-report,java,screenshot,spectacle,xml-report&o=windows&a=amd64
26-07-2021 03:18:31.592 [Gauge] [DEBUG] Downloading https://downloads.gauge.org/plugin/screenshot?l=java&p=html-report,java,screenshot,spectacle,xml-report&o=windows&a=amd64
26-07-2021 03:18:31.776 [Gauge] [DEBUG] Downloading https://downloads.gauge.org/plugin/spectacle?l=java&p=html-report,java,screenshot,spectacle,xml-report&o=windows&a=amd64
26-07-2021 03:18:31.969 [Gauge] [DEBUG] Downloading https://downloads.gauge.org/plugin/xml-report?l=java&p=html-report,java,screenshot,spectacle,xml-report&o=windows&a=amd64
26-07-2021 03:18:33.032 [java] [ERROR] Installed version of gauge-java (0.7.15) does not match with dependency gauge-java (0.7.4) specified in pom.xml file
26-07-2021 03:18:33.032 [java] [DEBUG] classpath set to C:\Program Files\Java\jdk1.8.0_291\jre\lib\charsets.jar;C:\Program Files\Java\jdk1.8.0_291\jre\lib\deploy.jar;C:\Program Files\Java\jdk1.8.0_291\jre\lib\ext\access-bridge-64.jar;C:\Program Files\Java\jdk1.8.0_291\jre\lib\ext\cldrdata.jar;C:\Program Files\Java\jdk1.8.0_291\jre\lib\ext\dnsns.jar;C:\Program Files\Java\jdk1.8.0_291\jre\lib\ext\jaccess.jar;C:\Program Files\Java\jdk1.8.0_291\jre\lib\ext\jfxrt.jar;C:\Program Files\Java\jdk1.8.0_291\jre\lib\ext\localedata.jar;C:\Program Files\Java\jdk1.8.0_291\jre\lib\ext\nashorn.jar;C:\Program Files\Java\jdk1.8.0_291\jre\lib\ext\sunec.jar;C:\Program Files\Java\jdk1.8.0_291\jre\lib\ext\sunjce_provider.jar;C:\Program Files\Java\jdk1.8.0_291\jre\lib\ext\sunmscapi.jar;C:\Program Files\Java\jdk1.8.0_291\jre\lib\ext\sunpkcs11.jar;C:\Program Files\Java\jdk1.8.0_291\jre\lib\ext\zipfs.jar;C:\Program Files\Java\jdk1.8.0_291\jre\lib\javaws.jar;C:\Program Files\Java\jdk1.8.0_291\jre\lib\jce.jar;C:\Program Files\Java\jdk1.8.0_291\jre\lib\jfr.jar;C:\Program Files\Java\jdk1.8.0_291\jre\lib\jfxswt.jar;C:\Program Files\Java\jdk1.8.0_291\jre\lib\jsse.jar;C:\Program Files\Java\jdk1.8.0_291\jre\lib\management-agent.jar;C:\Program Files\Java\jdk1.8.0_291\jre\lib\plugin.jar;C:\Program Files\Java\jdk1.8.0_291\jre\lib\resources.jar;C:\Program Files\Java\jdk1.8.0_291\jre\lib\rt.jar;C:\Users\testinium\Desktop\Intellij-Projects\LcwaikikiProject\target\test-classes;C:\Users\testinium\Desktop\Intellij-Projects\LcwaikikiProject\target\classes;C:\Users\testinium\.m2\repository\junit\junit\4.13.2\junit-4.13.2.jar;C:\Users\testinium\.m2\repository\org\hamcrest\hamcrest-core\1.3\hamcrest-core-1.3.jar;C:\Users\testinium\.m2\repository\org\seleniumhq\selenium\selenium-java\3.141.59\selenium-java-3.141.59.jar;C:\Users\testinium\.m2\repository\org\seleniumhq\selenium\selenium-api\3.141.59\selenium-api-3.141.59.jar;C:\Users\testinium\.m2\repository\org\seleniumhq\selenium\selenium-chrome-driver\3.141.59\selenium-chrome-driver-3.141.59.jar;C:\Users\testinium\.m2\repository\org\seleniumhq\selenium\selenium-edge-driver\3.141.59\selenium-edge-driver-3.141.59.jar;C:\Users\testinium\.m2\repository\org\seleniumhq\selenium\selenium-firefox-driver\3.141.59\selenium-firefox-driver-3.141.59.jar;C:\Users\testinium\.m2\repository\org\seleniumhq\selenium\selenium-ie-driver\3.141.59\selenium-ie-driver-3.141.59.jar;C:\Users\testinium\.m2\repository\org\seleniumhq\selenium\selenium-opera-driver\3.141.59\selenium-opera-driver-3.141.59.jar;C:\Users\testinium\.m2\repository\org\seleniumhq\selenium\selenium-remote-driver\3.141.59\selenium-remote-driver-3.141.59.jar;C:\Users\testinium\.m2\repository\org\seleniumhq\selenium\selenium-safari-driver\3.141.59\selenium-safari-driver-3.141.59.jar;C:\Users\testinium\.m2\repository\org\seleniumhq\selenium\selenium-support\3.141.59\selenium-support-3.141.59.jar;C:\Users\testinium\.m2\repository\net\bytebuddy\byte-buddy\1.8.15\byte-buddy-1.8.15.jar;C:\Users\testinium\.m2\repository\org\apache\commons\commons-exec\1.3\commons-exec-1.3.jar;C:\Users\testinium\.m2\repository\com\google\guava\guava\25.0-jre\guava-25.0-jre.jar;C:\Users\testinium\.m2\repository\com\google\code\findbugs\jsr305\1.3.9\jsr305-1.3.9.jar;C:\Users\testinium\.m2\repository\org\checkerframework\checker-compat-qual\2.0.0\checker-compat-qual-2.0.0.jar;C:\Users\testinium\.m2\repository\com\google\errorprone\error_prone_annotations\2.1.3\error_prone_annotations-2.1.3.jar;C:\Users\testinium\.m2\repository\com\google\j2objc\j2objc-annotations\1.1\j2objc-annotations-1.1.jar;C:\Users\testinium\.m2\repository\org\codehaus\mojo\animal-sniffer-annotations\1.14\animal-sniffer-annotations-1.14.jar;C:\Users\testinium\.m2\repository\com\squareup\okhttp3\okhttp\3.11.0\okhttp-3.11.0.jar;C:\Users\testinium\.m2\repository\com\squareup\okio\okio\1.14.0\okio-1.14.0.jar;C:\Users\testinium\.m2\repository\com\thoughtworks\gauge\gauge-java\0.7.4\gauge-java-0.7.4.jar;C:\Users\testinium\.m2\repository\org\assertj\assertj-core\3.14.0\assertj-core-3.14.0.jar;C:\Users\testinium\.m2\repository\org\reflections\reflections\0.9.11\reflections-0.9.11.jar;C:\Users\testinium\.m2\repository\org\javassist\javassist\3.21.0-GA\javassist-3.21.0-GA.jar;C:\Users\testinium\.m2\repository\com\github\javaparser\javaparser-core\2.5.1\javaparser-core-2.5.1.jar;C:\Users\testinium\.m2\repository\commons-io\commons-io\2.6\commons-io-2.6.jar;C:\Users\testinium\.m2\repository\commons-lang\commons-lang\2.6\commons-lang-2.6.jar;C:\Users\testinium\.m2\repository\org\json\json\20190722\json-20190722.jar;C:\Users\testinium\.m2\repository\com\google\protobuf\protobuf-java\3.11.1\protobuf-java-3.11.1.jar;C:\Users\testinium\.m2\repository\io\grpc\grpc-netty-shaded\1.26.0\grpc-netty-shaded-1.26.0.jar;C:\Users\testinium\.m2\repository\io\grpc\grpc-core\1.26.0\grpc-core-1.26.0.jar;C:\Users\testinium\.m2\repository\com\google\android\annotations\4.1.1.4\annotations-4.1.1.4.jar;C:\Users\testinium\.m2\repository\io\perfmark\perfmark-api\0.19.0\perfmark-api-0.19.0.jar;C:\Users\testinium\.m2\repository\io\opencensus\opencensus-api\0.24.0\opencensus-api-0.24.0.jar;C:\Users\testinium\.m2\repository\io\opencensus\opencensus-contrib-grpc-metrics\0.24.0\opencensus-contrib-grpc-metrics-0.24.0.jar;C:\Users\testinium\.m2\repository\io\grpc\grpc-protobuf\1.26.0\grpc-protobuf-1.26.0.jar;C:\Users\testinium\.m2\repository\io\grpc\grpc-api\1.26.0\grpc-api-1.26.0.jar;C:\Users\testinium\.m2\repository\io\grpc\grpc-context\1.26.0\grpc-context-1.26.0.jar;C:\Users\testinium\.m2\repository\com\google\api\grpc\proto-google-common-protos\1.12.0\proto-google-common-protos-1.12.0.jar;C:\Users\testinium\.m2\repository\io\grpc\grpc-protobuf-lite\1.26.0\grpc-protobuf-lite-1.26.0.jar;C:\Users\testinium\.m2\repository\io\grpc\grpc-stub\1.24.1\grpc-stub-1.24.1.jar;C:\Users\testinium\.m2\repository\javax\annotation\javax.annotation-api\1.3.2\javax.annotation-api-1.3.2.jar;C:\Users\testinium\.m2\repository\com\google\code\gson\gson\2.8.5\gson-2.8.5.jar;C:\Users\testinium\.m2\repository\log4j\log4j\1.2.17\log4j-1.2.17.jar
26-07-2021 03:18:33.093 [java] [DEBUG] found java executable in C:\Program Files\Java\jdk1.8.0_291\jre\bin\java.exe
26-07-2021 03:18:33.093 [java] [DEBUG] running - C:\Program Files\Java\jdk1.8.0_291\jre\bin\java.exe [-Dfile.encoding=UTF-8 com.thoughtworks.gauge.GaugeRuntime --start]
26-07-2021 03:18:33.093 [java] [DEBUG] stdout/stderr is logged to logs\2724-java.exe.out
26-07-2021 03:18:34.073 [Gauge] [DEBUG] Attempting to connect to grpc server at port: 54739
26-07-2021 03:18:34.191 [Gauge] [DEBUG] Successfully made the connection with runner with port: 54739
26-07-2021 03:18:34.191 [Gauge] [DEBUG] Validation started.
26-07-2021 03:18:34.307 [Gauge] [DEBUG] Validation completed.
26-07-2021 03:18:34.308 [Gauge] [DEBUG] Run started
26-07-2021 03:18:34.308 [Gauge] [DEBUG] Starting Html Report plugin
26-07-2021 03:18:34.327 [Gauge] [DEBUG] Attempting to connect to grpc server at port: 54743
26-07-2021 03:18:34.328 [Gauge] [DEBUG] Successfully made the connection with plugin with port: 54743
26-07-2021 03:18:34.328 [Gauge] [DEBUG] Initialising suite data store.
26-07-2021 03:18:36.847 [java] [DEBUG] Scanning packages for steps
26-07-2021 03:18:36.857 [java] [DEBUG] Scanning packages for hooks
26-07-2021 03:18:40.251 [html-report] [DEBUG] Transformed SuiteResult to report structure
26-07-2021 03:18:40.287 [html-report] [INFO] Successfully generated html-report to => C:\Users\testinium\Desktop\Intellij-Projects\LcwaikikiProject\reports\html-report\index.html
26-07-2021 03:18:40.287 [html-report] [DEBUG] Done generating HTML report using theme from C:\Users\testinium\AppData\Roaming\gauge\plugins\html-report\4.0.12\themes\default
26-07-2021 03:18:40.287 [Gauge] [DEBUG] Sending kill message to Html Report plugin.
26-07-2021 03:18:41.125 [Gauge] [DEBUG] Runner with PID:2724 has exited
26-07-2021 03:18:41.125 [Gauge] [INFO] Specifications:	1 executed	0 passed	1 failed	0 skipped
26-07-2021 03:18:41.125 [Gauge] [INFO] Scenarios:	1 executed	0 passed	1 failed	0 skipped
26-07-2021 03:18:41.125 [Gauge] [INFO] 
Total time taken: 5.939s
26-07-2021 03:18:41.126 [Gauge] [INFO] Updates are available. Run `gauge update -c` for more info.
26-07-2021 03:22:52.937 [Gauge] [DEBUG] Created gauge_screenshots_dir at C:\Users\testinium\Desktop\Intellij-Projects\LcwaikikiProject\.gauge\screenshots
26-07-2021 03:22:52.938 [Gauge] [DEBUG] Plugin java is already installed.
26-07-2021 03:22:52.938 [Gauge] [DEBUG] Plugin html-report is already installed.
26-07-2021 03:22:52.938 [Gauge] [DEBUG] Parsing started.
26-07-2021 03:22:52.938 [Gauge] [DEBUG] Started concepts parsing.
26-07-2021 03:22:52.946 [Gauge] [DEBUG] 15 concepts parsing completed.
26-07-2021 03:22:52.947 [Gauge] [DEBUG] Started specifications parsing.
26-07-2021 03:22:52.947 [Gauge] [DEBUG] 1 specifications parsing completed.
26-07-2021 03:22:52.947 [Gauge] [DEBUG] Parsing completed.
26-07-2021 03:22:52.961 [java] [DEBUG] ***** Printing Properties/Env Values *****
26-07-2021 03:22:52.961 [java] [DEBUG] PATH: C:\Program Files\Java\jdk1.8.0_291\bin;C:\Windows\system32;C:\Windows;C:\Windows\System32\Wbem;C:\Windows\System32\WindowsPowerShell\v1.0\;C:\Windows\System32\OpenSSH\;C:\Program Files\NVIDIA Corporation\NVIDIA NvDLISR;C:\Program Files\nodejs\;C:\Program Files\maven\apache-maven-3.8.1\bin;C:\Program Files\Gauge\bin;C:\WINDOWS\system32;C:\WINDOWS;C:\WINDOWS\System32\Wbem;C:\WINDOWS\System32\WindowsPowerShell\v1.0\;C:\WINDOWS\System32\OpenSSH\;C:\Users\testinium\AppData\Local\Android\Sdk;C:\Users\testinium\AppData\Local\Android\Sdk\platform-tools;C:\Users\testinium\AppData\Local\Android\Sdk\tools;C:\Users\testinium\AppData\Local\Android\Sdk\build-tools;C:\Users\testinium\AppData\Local\Microsoft\WindowsApps;C:\Users\testinium\AppData\Roaming\npm;C:\Users\testinium\AppData\Local\GitHubDesktop\bin;C:\Users\testinium\AppData\Roaming\gauge\plugins\screenshot\0.0.1
26-07-2021 03:22:52.961 [java] [DEBUG] JAVA_HOME: C:\Program Files\Java\jdk1.8.0_291
26-07-2021 03:22:52.961 [java] [DEBUG] gauge_project_root: C:\Users\testinium\Desktop\Intellij-Projects\LcwaikikiProject
26-07-2021 03:22:52.961 [java] [DEBUG] gauge_parallel_streams_count: 
26-07-2021 03:22:52.961 [java] [DEBUG] gauge_reports_dir: reports
26-07-2021 03:22:52.961 [java] [DEBUG] overwrite_reports: true
26-07-2021 03:22:52.961 [java] [DEBUG] logs_directory: logs
26-07-2021 03:22:52.961 [java] [DEBUG] enable_multithreading: 
26-07-2021 03:22:52.961 [java] [DEBUG] gauge_specs_dir: specs
26-07-2021 03:22:52.961 [java] [DEBUG] csv_delimiter: ,
26-07-2021 03:22:52.961 [java] [DEBUG] gauge_java_home: 
26-07-2021 03:22:52.961 [java] [DEBUG] gauge_custom_build_path: 
26-07-2021 03:22:52.961 [java] [DEBUG] gauge_additional_libs: libs/*
26-07-2021 03:22:52.961 [java] [DEBUG] gauge_jvm_args: 
26-07-2021 03:22:52.961 [java] [DEBUG] gauge_custom_compile_dir: 
26-07-2021 03:22:52.961 [java] [DEBUG] gauge_clear_state_level: scenario
26-07-2021 03:22:52.961 [java] [DEBUG] ***** END *****
26-07-2021 03:22:53.241 [Gauge] [DEBUG] Checking updates...
26-07-2021 03:22:53.243 [Gauge] [DEBUG] Downloading https://downloads.gauge.org/plugin/html-report?l=java&p=html-report,java,screenshot,spectacle,xml-report&o=windows&a=amd64
26-07-2021 03:22:53.658 [Gauge] [DEBUG] Downloading https://downloads.gauge.org/plugin/java?l=java&p=html-report,java,screenshot,spectacle,xml-report&o=windows&a=amd64
26-07-2021 03:22:54.839 [java] [ERROR] Installed version of gauge-java (0.7.15) does not match with dependency gauge-java (0.7.4) specified in pom.xml file
26-07-2021 03:22:54.839 [java] [DEBUG] classpath set to C:\Program Files\Java\jdk1.8.0_291\jre\lib\charsets.jar;C:\Program Files\Java\jdk1.8.0_291\jre\lib\deploy.jar;C:\Program Files\Java\jdk1.8.0_291\jre\lib\ext\access-bridge-64.jar;C:\Program Files\Java\jdk1.8.0_291\jre\lib\ext\cldrdata.jar;C:\Program Files\Java\jdk1.8.0_291\jre\lib\ext\dnsns.jar;C:\Program Files\Java\jdk1.8.0_291\jre\lib\ext\jaccess.jar;C:\Program Files\Java\jdk1.8.0_291\jre\lib\ext\jfxrt.jar;C:\Program Files\Java\jdk1.8.0_291\jre\lib\ext\localedata.jar;C:\Program Files\Java\jdk1.8.0_291\jre\lib\ext\nashorn.jar;C:\Program Files\Java\jdk1.8.0_291\jre\lib\ext\sunec.jar;C:\Program Files\Java\jdk1.8.0_291\jre\lib\ext\sunjce_provider.jar;C:\Program Files\Java\jdk1.8.0_291\jre\lib\ext\sunmscapi.jar;C:\Program Files\Java\jdk1.8.0_291\jre\lib\ext\sunpkcs11.jar;C:\Program Files\Java\jdk1.8.0_291\jre\lib\ext\zipfs.jar;C:\Program Files\Java\jdk1.8.0_291\jre\lib\javaws.jar;C:\Program Files\Java\jdk1.8.0_291\jre\lib\jce.jar;C:\Program Files\Java\jdk1.8.0_291\jre\lib\jfr.jar;C:\Program Files\Java\jdk1.8.0_291\jre\lib\jfxswt.jar;C:\Program Files\Java\jdk1.8.0_291\jre\lib\jsse.jar;C:\Program Files\Java\jdk1.8.0_291\jre\lib\management-agent.jar;C:\Program Files\Java\jdk1.8.0_291\jre\lib\plugin.jar;C:\Program Files\Java\jdk1.8.0_291\jre\lib\resources.jar;C:\Program Files\Java\jdk1.8.0_291\jre\lib\rt.jar;C:\Users\testinium\Desktop\Intellij-Projects\LcwaikikiProject\target\test-classes;C:\Users\testinium\Desktop\Intellij-Projects\LcwaikikiProject\target\classes;C:\Users\testinium\.m2\repository\junit\junit\4.13.2\junit-4.13.2.jar;C:\Users\testinium\.m2\repository\org\hamcrest\hamcrest-core\1.3\hamcrest-core-1.3.jar;C:\Users\testinium\.m2\repository\org\seleniumhq\selenium\selenium-java\3.141.59\selenium-java-3.141.59.jar;C:\Users\testinium\.m2\repository\org\seleniumhq\selenium\selenium-api\3.141.59\selenium-api-3.141.59.jar;C:\Users\testinium\.m2\repository\org\seleniumhq\selenium\selenium-chrome-driver\3.141.59\selenium-chrome-driver-3.141.59.jar;C:\Users\testinium\.m2\repository\org\seleniumhq\selenium\selenium-edge-driver\3.141.59\selenium-edge-driver-3.141.59.jar;C:\Users\testinium\.m2\repository\org\seleniumhq\selenium\selenium-firefox-driver\3.141.59\selenium-firefox-driver-3.141.59.jar;C:\Users\testinium\.m2\repository\org\seleniumhq\selenium\selenium-ie-driver\3.141.59\selenium-ie-driver-3.141.59.jar;C:\Users\testinium\.m2\repository\org\seleniumhq\selenium\selenium-opera-driver\3.141.59\selenium-opera-driver-3.141.59.jar;C:\Users\testinium\.m2\repository\org\seleniumhq\selenium\selenium-remote-driver\3.141.59\selenium-remote-driver-3.141.59.jar;C:\Users\testinium\.m2\repository\org\seleniumhq\selenium\selenium-safari-driver\3.141.59\selenium-safari-driver-3.141.59.jar;C:\Users\testinium\.m2\repository\org\seleniumhq\selenium\selenium-support\3.141.59\selenium-support-3.141.59.jar;C:\Users\testinium\.m2\repository\net\bytebuddy\byte-buddy\1.8.15\byte-buddy-1.8.15.jar;C:\Users\testinium\.m2\repository\org\apache\commons\commons-exec\1.3\commons-exec-1.3.jar;C:\Users\testinium\.m2\repository\com\google\guava\guava\25.0-jre\guava-25.0-jre.jar;C:\Users\testinium\.m2\repository\com\google\code\findbugs\jsr305\1.3.9\jsr305-1.3.9.jar;C:\Users\testinium\.m2\repository\org\checkerframework\checker-compat-qual\2.0.0\checker-compat-qual-2.0.0.jar;C:\Users\testinium\.m2\repository\com\google\errorprone\error_prone_annotations\2.1.3\error_prone_annotations-2.1.3.jar;C:\Users\testinium\.m2\repository\com\google\j2objc\j2objc-annotations\1.1\j2objc-annotations-1.1.jar;C:\Users\testinium\.m2\repository\org\codehaus\mojo\animal-sniffer-annotations\1.14\animal-sniffer-annotations-1.14.jar;C:\Users\testinium\.m2\repository\com\squareup\okhttp3\okhttp\3.11.0\okhttp-3.11.0.jar;C:\Users\testinium\.m2\repository\com\squareup\okio\okio\1.14.0\okio-1.14.0.jar;C:\Users\testinium\.m2\repository\com\thoughtworks\gauge\gauge-java\0.7.4\gauge-java-0.7.4.jar;C:\Users\testinium\.m2\repository\org\assertj\assertj-core\3.14.0\assertj-core-3.14.0.jar;C:\Users\testinium\.m2\repository\org\reflections\reflections\0.9.11\reflections-0.9.11.jar;C:\Users\testinium\.m2\repository\org\javassist\javassist\3.21.0-GA\javassist-3.21.0-GA.jar;C:\Users\testinium\.m2\repository\com\github\javaparser\javaparser-core\2.5.1\javaparser-core-2.5.1.jar;C:\Users\testinium\.m2\repository\commons-io\commons-io\2.6\commons-io-2.6.jar;C:\Users\testinium\.m2\repository\commons-lang\commons-lang\2.6\commons-lang-2.6.jar;C:\Users\testinium\.m2\repository\org\json\json\20190722\json-20190722.jar;C:\Users\testinium\.m2\repository\com\google\protobuf\protobuf-java\3.11.1\protobuf-java-3.11.1.jar;C:\Users\testinium\.m2\repository\io\grpc\grpc-netty-shaded\1.26.0\grpc-netty-shaded-1.26.0.jar;C:\Users\testinium\.m2\repository\io\grpc\grpc-core\1.26.0\grpc-core-1.26.0.jar;C:\Users\testinium\.m2\repository\com\google\android\annotations\4.1.1.4\annotations-4.1.1.4.jar;C:\Users\testinium\.m2\repository\io\perfmark\perfmark-api\0.19.0\perfmark-api-0.19.0.jar;C:\Users\testinium\.m2\repository\io\opencensus\opencensus-api\0.24.0\opencensus-api-0.24.0.jar;C:\Users\testinium\.m2\repository\io\opencensus\opencensus-contrib-grpc-metrics\0.24.0\opencensus-contrib-grpc-metrics-0.24.0.jar;C:\Users\testinium\.m2\repository\io\grpc\grpc-protobuf\1.26.0\grpc-protobuf-1.26.0.jar;C:\Users\testinium\.m2\repository\io\grpc\grpc-api\1.26.0\grpc-api-1.26.0.jar;C:\Users\testinium\.m2\repository\io\grpc\grpc-context\1.26.0\grpc-context-1.26.0.jar;C:\Users\testinium\.m2\repository\com\google\api\grpc\proto-google-common-protos\1.12.0\proto-google-common-protos-1.12.0.jar;C:\Users\testinium\.m2\repository\io\grpc\grpc-protobuf-lite\1.26.0\grpc-protobuf-lite-1.26.0.jar;C:\Users\testinium\.m2\repository\io\grpc\grpc-stub\1.24.1\grpc-stub-1.24.1.jar;C:\Users\testinium\.m2\repository\javax\annotation\javax.annotation-api\1.3.2\javax.annotation-api-1.3.2.jar;C:\Users\testinium\.m2\repository\com\google\code\gson\gson\2.8.5\gson-2.8.5.jar;C:\Users\testinium\.m2\repository\log4j\log4j\1.2.17\log4j-1.2.17.jar
26-07-2021 03:22:54.863 [java] [DEBUG] found java executable in C:\Program Files\Java\jdk1.8.0_291\jre\bin\java.exe
26-07-2021 03:22:54.863 [java] [DEBUG] running - C:\Program Files\Java\jdk1.8.0_291\jre\bin\java.exe [-Dfile.encoding=UTF-8 com.thoughtworks.gauge.GaugeRuntime --start]
26-07-2021 03:22:54.863 [java] [DEBUG] stdout/stderr is logged to logs\1528-java.exe.out
26-07-2021 03:22:55.655 [Gauge] [DEBUG] Attempting to connect to grpc server at port: 60452
26-07-2021 03:22:55.748 [Gauge] [DEBUG] Successfully made the connection with runner with port: 60452
26-07-2021 03:22:55.748 [Gauge] [DEBUG] Validation started.
26-07-2021 03:22:55.852 [Gauge] [DEBUG] Validation completed.
26-07-2021 03:22:55.852 [Gauge] [DEBUG] Run started
26-07-2021 03:22:55.853 [Gauge] [DEBUG] Starting Html Report plugin
26-07-2021 03:22:55.863 [Gauge] [DEBUG] Attempting to connect to grpc server at port: 60455
26-07-2021 03:22:55.864 [Gauge] [DEBUG] Successfully made the connection with plugin with port: 60455
26-07-2021 03:22:55.864 [Gauge] [DEBUG] Initialising suite data store.
26-07-2021 03:22:58.290 [java] [DEBUG] Scanning packages for steps
26-07-2021 03:22:58.299 [java] [DEBUG] Scanning packages for hooks
26-07-2021 03:22:59.618 [Gauge] [DEBUG] Downloading https://downloads.gauge.org/plugin/screenshot?l=java&p=html-report,java,screenshot,spectacle,xml-report&o=windows&a=amd64
26-07-2021 03:22:59.800 [Gauge] [DEBUG] Downloading https://downloads.gauge.org/plugin/spectacle?l=java&p=html-report,java,screenshot,spectacle,xml-report&o=windows&a=amd64
26-07-2021 03:22:59.992 [Gauge] [DEBUG] Downloading https://downloads.gauge.org/plugin/xml-report?l=java&p=html-report,java,screenshot,spectacle,xml-report&o=windows&a=amd64
26-07-2021 03:23:01.753 [html-report] [DEBUG] Transformed SuiteResult to report structure
26-07-2021 03:23:01.781 [html-report] [INFO] Successfully generated html-report to => C:\Users\testinium\Desktop\Intellij-Projects\LcwaikikiProject\reports\html-report\index.html
26-07-2021 03:23:01.781 [html-report] [DEBUG] Done generating HTML report using theme from C:\Users\testinium\AppData\Roaming\gauge\plugins\html-report\4.0.12\themes\default
26-07-2021 03:23:01.781 [Gauge] [DEBUG] Sending kill message to Html Report plugin.
26-07-2021 03:23:02.652 [Gauge] [DEBUG] Runner with PID:1528 has exited
26-07-2021 03:23:02.652 [Gauge] [INFO] Specifications:	1 executed	0 passed	1 failed	0 skipped
26-07-2021 03:23:02.652 [Gauge] [INFO] Scenarios:	1 executed	0 passed	1 failed	0 skipped
26-07-2021 03:23:02.653 [Gauge] [INFO] 
Total time taken: 5.899s
26-07-2021 03:23:02.653 [Gauge] [INFO] Updates are available. Run `gauge update -c` for more info.
26-07-2021 03:23:50.894 [Gauge] [DEBUG] Created gauge_screenshots_dir at C:\Users\testinium\Desktop\Intellij-Projects\LcwaikikiProject\.gauge\screenshots
26-07-2021 03:23:50.895 [Gauge] [DEBUG] Plugin java is already installed.
26-07-2021 03:23:50.896 [Gauge] [DEBUG] Plugin html-report is already installed.
26-07-2021 03:23:50.896 [Gauge] [DEBUG] Parsing started.
26-07-2021 03:23:50.896 [Gauge] [DEBUG] Started concepts parsing.
26-07-2021 03:23:50.903 [Gauge] [DEBUG] 15 concepts parsing completed.
26-07-2021 03:23:50.903 [Gauge] [DEBUG] Started specifications parsing.
26-07-2021 03:23:50.903 [Gauge] [DEBUG] 1 specifications parsing completed.
26-07-2021 03:23:50.904 [Gauge] [DEBUG] Parsing completed.
26-07-2021 03:23:50.920 [java] [DEBUG] ***** Printing Properties/Env Values *****
26-07-2021 03:23:50.920 [java] [DEBUG] PATH: C:\Program Files\Java\jdk1.8.0_291\bin;C:\Windows\system32;C:\Windows;C:\Windows\System32\Wbem;C:\Windows\System32\WindowsPowerShell\v1.0\;C:\Windows\System32\OpenSSH\;C:\Program Files\NVIDIA Corporation\NVIDIA NvDLISR;C:\Program Files\nodejs\;C:\Program Files\maven\apache-maven-3.8.1\bin;C:\Program Files\Gauge\bin;C:\WINDOWS\system32;C:\WINDOWS;C:\WINDOWS\System32\Wbem;C:\WINDOWS\System32\WindowsPowerShell\v1.0\;C:\WINDOWS\System32\OpenSSH\;C:\Users\testinium\AppData\Local\Android\Sdk;C:\Users\testinium\AppData\Local\Android\Sdk\platform-tools;C:\Users\testinium\AppData\Local\Android\Sdk\tools;C:\Users\testinium\AppData\Local\Android\Sdk\build-tools;C:\Users\testinium\AppData\Local\Microsoft\WindowsApps;C:\Users\testinium\AppData\Roaming\npm;C:\Users\testinium\AppData\Local\GitHubDesktop\bin;C:\Users\testinium\AppData\Roaming\gauge\plugins\screenshot\0.0.1
26-07-2021 03:23:50.920 [java] [DEBUG] JAVA_HOME: C:\Program Files\Java\jdk1.8.0_291
26-07-2021 03:23:50.920 [java] [DEBUG] gauge_project_root: C:\Users\testinium\Desktop\Intellij-Projects\LcwaikikiProject
26-07-2021 03:23:50.920 [java] [DEBUG] gauge_parallel_streams_count: 
26-07-2021 03:23:50.920 [java] [DEBUG] gauge_reports_dir: reports
26-07-2021 03:23:50.920 [java] [DEBUG] overwrite_reports: true
26-07-2021 03:23:50.920 [java] [DEBUG] logs_directory: logs
26-07-2021 03:23:50.920 [java] [DEBUG] enable_multithreading: 
26-07-2021 03:23:50.920 [java] [DEBUG] gauge_specs_dir: specs
26-07-2021 03:23:50.920 [java] [DEBUG] csv_delimiter: ,
26-07-2021 03:23:50.920 [java] [DEBUG] gauge_java_home: 
26-07-2021 03:23:50.920 [java] [DEBUG] gauge_custom_build_path: 
26-07-2021 03:23:50.920 [java] [DEBUG] gauge_additional_libs: libs/*
26-07-2021 03:23:50.920 [java] [DEBUG] gauge_jvm_args: 
26-07-2021 03:23:50.920 [java] [DEBUG] gauge_custom_compile_dir: 
26-07-2021 03:23:50.920 [java] [DEBUG] gauge_clear_state_level: scenario
26-07-2021 03:23:50.920 [java] [DEBUG] ***** END *****
26-07-2021 03:23:51.442 [Gauge] [DEBUG] Checking updates...
26-07-2021 03:23:51.443 [Gauge] [DEBUG] Downloading https://downloads.gauge.org/plugin/html-report?l=java&p=html-report,java,screenshot,spectacle,xml-report&o=windows&a=amd64
26-07-2021 03:23:51.877 [Gauge] [DEBUG] Downloading https://downloads.gauge.org/plugin/java?l=java&p=html-report,java,screenshot,spectacle,xml-report&o=windows&a=amd64
26-07-2021 03:23:52.025 [Gauge] [DEBUG] Downloading https://downloads.gauge.org/plugin/screenshot?l=java&p=html-report,java,screenshot,spectacle,xml-report&o=windows&a=amd64
26-07-2021 03:23:52.217 [Gauge] [DEBUG] Downloading https://downloads.gauge.org/plugin/spectacle?l=java&p=html-report,java,screenshot,spectacle,xml-report&o=windows&a=amd64
26-07-2021 03:23:52.411 [Gauge] [DEBUG] Downloading https://downloads.gauge.org/plugin/xml-report?l=java&p=html-report,java,screenshot,spectacle,xml-report&o=windows&a=amd64
26-07-2021 03:23:52.787 [java] [ERROR] Installed version of gauge-java (0.7.15) does not match with dependency gauge-java (0.7.4) specified in pom.xml file
26-07-2021 03:23:52.788 [java] [DEBUG] classpath set to C:\Program Files\Java\jdk1.8.0_291\jre\lib\charsets.jar;C:\Program Files\Java\jdk1.8.0_291\jre\lib\deploy.jar;C:\Program Files\Java\jdk1.8.0_291\jre\lib\ext\access-bridge-64.jar;C:\Program Files\Java\jdk1.8.0_291\jre\lib\ext\cldrdata.jar;C:\Program Files\Java\jdk1.8.0_291\jre\lib\ext\dnsns.jar;C:\Program Files\Java\jdk1.8.0_291\jre\lib\ext\jaccess.jar;C:\Program Files\Java\jdk1.8.0_291\jre\lib\ext\jfxrt.jar;C:\Program Files\Java\jdk1.8.0_291\jre\lib\ext\localedata.jar;C:\Program Files\Java\jdk1.8.0_291\jre\lib\ext\nashorn.jar;C:\Program Files\Java\jdk1.8.0_291\jre\lib\ext\sunec.jar;C:\Program Files\Java\jdk1.8.0_291\jre\lib\ext\sunjce_provider.jar;C:\Program Files\Java\jdk1.8.0_291\jre\lib\ext\sunmscapi.jar;C:\Program Files\Java\jdk1.8.0_291\jre\lib\ext\sunpkcs11.jar;C:\Program Files\Java\jdk1.8.0_291\jre\lib\ext\zipfs.jar;C:\Program Files\Java\jdk1.8.0_291\jre\lib\javaws.jar;C:\Program Files\Java\jdk1.8.0_291\jre\lib\jce.jar;C:\Program Files\Java\jdk1.8.0_291\jre\lib\jfr.jar;C:\Program Files\Java\jdk1.8.0_291\jre\lib\jfxswt.jar;C:\Program Files\Java\jdk1.8.0_291\jre\lib\jsse.jar;C:\Program Files\Java\jdk1.8.0_291\jre\lib\management-agent.jar;C:\Program Files\Java\jdk1.8.0_291\jre\lib\plugin.jar;C:\Program Files\Java\jdk1.8.0_291\jre\lib\resources.jar;C:\Program Files\Java\jdk1.8.0_291\jre\lib\rt.jar;C:\Users\testinium\Desktop\Intellij-Projects\LcwaikikiProject\target\test-classes;C:\Users\testinium\Desktop\Intellij-Projects\LcwaikikiProject\target\classes;C:\Users\testinium\.m2\repository\junit\junit\4.13.2\junit-4.13.2.jar;C:\Users\testinium\.m2\repository\org\hamcrest\hamcrest-core\1.3\hamcrest-core-1.3.jar;C:\Users\testinium\.m2\repository\org\seleniumhq\selenium\selenium-java\3.141.59\selenium-java-3.141.59.jar;C:\Users\testinium\.m2\repository\org\seleniumhq\selenium\selenium-api\3.141.59\selenium-api-3.141.59.jar;C:\Users\testinium\.m2\repository\org\seleniumhq\selenium\selenium-chrome-driver\3.141.59\selenium-chrome-driver-3.141.59.jar;C:\Users\testinium\.m2\repository\org\seleniumhq\selenium\selenium-edge-driver\3.141.59\selenium-edge-driver-3.141.59.jar;C:\Users\testinium\.m2\repository\org\seleniumhq\selenium\selenium-firefox-driver\3.141.59\selenium-firefox-driver-3.141.59.jar;C:\Users\testinium\.m2\repository\org\seleniumhq\selenium\selenium-ie-driver\3.141.59\selenium-ie-driver-3.141.59.jar;C:\Users\testinium\.m2\repository\org\seleniumhq\selenium\selenium-opera-driver\3.141.59\selenium-opera-driver-3.141.59.jar;C:\Users\testinium\.m2\repository\org\seleniumhq\selenium\selenium-remote-driver\3.141.59\selenium-remote-driver-3.141.59.jar;C:\Users\testinium\.m2\repository\org\seleniumhq\selenium\selenium-safari-driver\3.141.59\selenium-safari-driver-3.141.59.jar;C:\Users\testinium\.m2\repository\org\seleniumhq\selenium\selenium-support\3.141.59\selenium-support-3.141.59.jar;C:\Users\testinium\.m2\repository\net\bytebuddy\byte-buddy\1.8.15\byte-buddy-1.8.15.jar;C:\Users\testinium\.m2\repository\org\apache\commons\commons-exec\1.3\commons-exec-1.3.jar;C:\Users\testinium\.m2\repository\com\google\guava\guava\25.0-jre\guava-25.0-jre.jar;C:\Users\testinium\.m2\repository\com\google\code\findbugs\jsr305\1.3.9\jsr305-1.3.9.jar;C:\Users\testinium\.m2\repository\org\checkerframework\checker-compat-qual\2.0.0\checker-compat-qual-2.0.0.jar;C:\Users\testinium\.m2\repository\com\google\errorprone\error_prone_annotations\2.1.3\error_prone_annotations-2.1.3.jar;C:\Users\testinium\.m2\repository\com\google\j2objc\j2objc-annotations\1.1\j2objc-annotations-1.1.jar;C:\Users\testinium\.m2\repository\org\codehaus\mojo\animal-sniffer-annotations\1.14\animal-sniffer-annotations-1.14.jar;C:\Users\testinium\.m2\repository\com\squareup\okhttp3\okhttp\3.11.0\okhttp-3.11.0.jar;C:\Users\testinium\.m2\repository\com\squareup\okio\okio\1.14.0\okio-1.14.0.jar;C:\Users\testinium\.m2\repository\com\thoughtworks\gauge\gauge-java\0.7.4\gauge-java-0.7.4.jar;C:\Users\testinium\.m2\repository\org\assertj\assertj-core\3.14.0\assertj-core-3.14.0.jar;C:\Users\testinium\.m2\repository\org\reflections\reflections\0.9.11\reflections-0.9.11.jar;C:\Users\testinium\.m2\repository\org\javassist\javassist\3.21.0-GA\javassist-3.21.0-GA.jar;C:\Users\testinium\.m2\repository\com\github\javaparser\javaparser-core\2.5.1\javaparser-core-2.5.1.jar;C:\Users\testinium\.m2\repository\commons-io\commons-io\2.6\commons-io-2.6.jar;C:\Users\testinium\.m2\repository\commons-lang\commons-lang\2.6\commons-lang-2.6.jar;C:\Users\testinium\.m2\repository\org\json\json\20190722\json-20190722.jar;C:\Users\testinium\.m2\repository\com\google\protobuf\protobuf-java\3.11.1\protobuf-java-3.11.1.jar;C:\Users\testinium\.m2\repository\io\grpc\grpc-netty-shaded\1.26.0\grpc-netty-shaded-1.26.0.jar;C:\Users\testinium\.m2\repository\io\grpc\grpc-core\1.26.0\grpc-core-1.26.0.jar;C:\Users\testinium\.m2\repository\com\google\android\annotations\4.1.1.4\annotations-4.1.1.4.jar;C:\Users\testinium\.m2\repository\io\perfmark\perfmark-api\0.19.0\perfmark-api-0.19.0.jar;C:\Users\testinium\.m2\repository\io\opencensus\opencensus-api\0.24.0\opencensus-api-0.24.0.jar;C:\Users\testinium\.m2\repository\io\opencensus\opencensus-contrib-grpc-metrics\0.24.0\opencensus-contrib-grpc-metrics-0.24.0.jar;C:\Users\testinium\.m2\repository\io\grpc\grpc-protobuf\1.26.0\grpc-protobuf-1.26.0.jar;C:\Users\testinium\.m2\repository\io\grpc\grpc-api\1.26.0\grpc-api-1.26.0.jar;C:\Users\testinium\.m2\repository\io\grpc\grpc-context\1.26.0\grpc-context-1.26.0.jar;C:\Users\testinium\.m2\repository\com\google\api\grpc\proto-google-common-protos\1.12.0\proto-google-common-protos-1.12.0.jar;C:\Users\testinium\.m2\repository\io\grpc\grpc-protobuf-lite\1.26.0\grpc-protobuf-lite-1.26.0.jar;C:\Users\testinium\.m2\repository\io\grpc\grpc-stub\1.24.1\grpc-stub-1.24.1.jar;C:\Users\testinium\.m2\repository\javax\annotation\javax.annotation-api\1.3.2\javax.annotation-api-1.3.2.jar;C:\Users\testinium\.m2\repository\com\google\code\gson\gson\2.8.5\gson-2.8.5.jar;C:\Users\testinium\.m2\repository\log4j\log4j\1.2.17\log4j-1.2.17.jar
26-07-2021 03:23:52.814 [java] [DEBUG] found java executable in C:\Program Files\Java\jdk1.8.0_291\jre\bin\java.exe
26-07-2021 03:23:52.815 [java] [DEBUG] running - C:\Program Files\Java\jdk1.8.0_291\jre\bin\java.exe [-Dfile.encoding=UTF-8 com.thoughtworks.gauge.GaugeRuntime --start]
26-07-2021 03:23:52.815 [java] [DEBUG] stdout/stderr is logged to logs\16128-java.exe.out
26-07-2021 03:23:53.654 [Gauge] [DEBUG] Attempting to connect to grpc server at port: 58083
26-07-2021 03:23:53.757 [Gauge] [DEBUG] Successfully made the connection with runner with port: 58083
26-07-2021 03:23:53.757 [Gauge] [DEBUG] Validation started.
26-07-2021 03:23:53.904 [Gauge] [DEBUG] Validation completed.
26-07-2021 03:23:53.904 [Gauge] [DEBUG] Run started
26-07-2021 03:23:53.905 [Gauge] [DEBUG] Starting Html Report plugin
26-07-2021 03:23:53.919 [Gauge] [DEBUG] Attempting to connect to grpc server at port: 58086
26-07-2021 03:23:53.921 [Gauge] [DEBUG] Successfully made the connection with plugin with port: 58086
26-07-2021 03:23:53.921 [Gauge] [DEBUG] Initialising suite data store.
26-07-2021 03:23:56.417 [java] [DEBUG] Scanning packages for steps
26-07-2021 03:23:56.427 [java] [DEBUG] Scanning packages for hooks
26-07-2021 03:24:01.474 [html-report] [DEBUG] Transformed SuiteResult to report structure
26-07-2021 03:24:01.515 [html-report] [INFO] Successfully generated html-report to => C:\Users\testinium\Desktop\Intellij-Projects\LcwaikikiProject\reports\html-report\index.html
26-07-2021 03:24:01.515 [html-report] [DEBUG] Done generating HTML report using theme from C:\Users\testinium\AppData\Roaming\gauge\plugins\html-report\4.0.12\themes\default
26-07-2021 03:24:01.515 [Gauge] [DEBUG] Sending kill message to Html Report plugin.
26-07-2021 03:24:02.363 [Gauge] [DEBUG] Runner with PID:16128 has exited
26-07-2021 03:24:02.363 [Gauge] [INFO] Specifications:	1 executed	0 passed	1 failed	0 skipped
26-07-2021 03:24:02.363 [Gauge] [INFO] Scenarios:	1 executed	0 passed	1 failed	0 skipped
26-07-2021 03:24:02.363 [Gauge] [INFO] 
Total time taken: 7.569s
26-07-2021 03:24:02.364 [Gauge] [INFO] Updates are available. Run `gauge update -c` for more info.
26-07-2021 03:24:55.805 [Gauge] [DEBUG] Created gauge_screenshots_dir at C:\Users\testinium\Desktop\Intellij-Projects\LcwaikikiProject\.gauge\screenshots
26-07-2021 03:24:55.807 [Gauge] [DEBUG] Plugin java is already installed.
26-07-2021 03:24:55.807 [Gauge] [DEBUG] Plugin html-report is already installed.
26-07-2021 03:24:55.807 [Gauge] [DEBUG] Parsing started.
26-07-2021 03:24:55.807 [Gauge] [DEBUG] Started concepts parsing.
26-07-2021 03:24:55.812 [Gauge] [DEBUG] 15 concepts parsing completed.
26-07-2021 03:24:55.812 [Gauge] [DEBUG] Started specifications parsing.
26-07-2021 03:24:55.812 [Gauge] [DEBUG] 1 specifications parsing completed.
26-07-2021 03:24:55.812 [Gauge] [DEBUG] Parsing completed.
26-07-2021 03:24:55.827 [java] [DEBUG] ***** Printing Properties/Env Values *****
26-07-2021 03:24:55.827 [java] [DEBUG] PATH: C:\Program Files\Java\jdk1.8.0_291\bin;C:\Windows\system32;C:\Windows;C:\Windows\System32\Wbem;C:\Windows\System32\WindowsPowerShell\v1.0\;C:\Windows\System32\OpenSSH\;C:\Program Files\NVIDIA Corporation\NVIDIA NvDLISR;C:\Program Files\nodejs\;C:\Program Files\maven\apache-maven-3.8.1\bin;C:\Program Files\Gauge\bin;C:\WINDOWS\system32;C:\WINDOWS;C:\WINDOWS\System32\Wbem;C:\WINDOWS\System32\WindowsPowerShell\v1.0\;C:\WINDOWS\System32\OpenSSH\;C:\Users\testinium\AppData\Local\Android\Sdk;C:\Users\testinium\AppData\Local\Android\Sdk\platform-tools;C:\Users\testinium\AppData\Local\Android\Sdk\tools;C:\Users\testinium\AppData\Local\Android\Sdk\build-tools;C:\Users\testinium\AppData\Local\Microsoft\WindowsApps;C:\Users\testinium\AppData\Roaming\npm;C:\Users\testinium\AppData\Local\GitHubDesktop\bin;C:\Users\testinium\AppData\Roaming\gauge\plugins\screenshot\0.0.1
26-07-2021 03:24:55.827 [java] [DEBUG] JAVA_HOME: C:\Program Files\Java\jdk1.8.0_291
26-07-2021 03:24:55.827 [java] [DEBUG] gauge_project_root: C:\Users\testinium\Desktop\Intellij-Projects\LcwaikikiProject
26-07-2021 03:24:55.827 [java] [DEBUG] gauge_parallel_streams_count: 
26-07-2021 03:24:55.827 [java] [DEBUG] gauge_reports_dir: reports
26-07-2021 03:24:55.827 [java] [DEBUG] overwrite_reports: true
26-07-2021 03:24:55.827 [java] [DEBUG] logs_directory: logs
26-07-2021 03:24:55.827 [java] [DEBUG] enable_multithreading: 
26-07-2021 03:24:55.827 [java] [DEBUG] gauge_specs_dir: specs
26-07-2021 03:24:55.827 [java] [DEBUG] csv_delimiter: ,
26-07-2021 03:24:55.827 [java] [DEBUG] gauge_java_home: 
26-07-2021 03:24:55.827 [java] [DEBUG] gauge_custom_build_path: 
26-07-2021 03:24:55.827 [java] [DEBUG] gauge_additional_libs: libs/*
26-07-2021 03:24:55.827 [java] [DEBUG] gauge_jvm_args: 
26-07-2021 03:24:55.827 [java] [DEBUG] gauge_custom_compile_dir: 
26-07-2021 03:24:55.827 [java] [DEBUG] gauge_clear_state_level: scenario
26-07-2021 03:24:55.827 [java] [DEBUG] ***** END *****
26-07-2021 03:24:56.083 [Gauge] [DEBUG] Checking updates...
26-07-2021 03:24:56.085 [Gauge] [DEBUG] Downloading https://downloads.gauge.org/plugin/html-report?l=java&p=html-report,java,screenshot,spectacle,xml-report&o=windows&a=amd64
26-07-2021 03:24:56.475 [Gauge] [DEBUG] Downloading https://downloads.gauge.org/plugin/java?l=java&p=html-report,java,screenshot,spectacle,xml-report&o=windows&a=amd64
26-07-2021 03:24:56.603 [Gauge] [DEBUG] Downloading https://downloads.gauge.org/plugin/screenshot?l=java&p=html-report,java,screenshot,spectacle,xml-report&o=windows&a=amd64
26-07-2021 03:24:56.768 [Gauge] [DEBUG] Downloading https://downloads.gauge.org/plugin/spectacle?l=java&p=html-report,java,screenshot,spectacle,xml-report&o=windows&a=amd64
26-07-2021 03:24:56.949 [Gauge] [DEBUG] Downloading https://downloads.gauge.org/plugin/xml-report?l=java&p=html-report,java,screenshot,spectacle,xml-report&o=windows&a=amd64
26-07-2021 03:24:57.757 [java] [ERROR] Installed version of gauge-java (0.7.15) does not match with dependency gauge-java (0.7.4) specified in pom.xml file
26-07-2021 03:24:57.757 [java] [DEBUG] classpath set to C:\Program Files\Java\jdk1.8.0_291\jre\lib\charsets.jar;C:\Program Files\Java\jdk1.8.0_291\jre\lib\deploy.jar;C:\Program Files\Java\jdk1.8.0_291\jre\lib\ext\access-bridge-64.jar;C:\Program Files\Java\jdk1.8.0_291\jre\lib\ext\cldrdata.jar;C:\Program Files\Java\jdk1.8.0_291\jre\lib\ext\dnsns.jar;C:\Program Files\Java\jdk1.8.0_291\jre\lib\ext\jaccess.jar;C:\Program Files\Java\jdk1.8.0_291\jre\lib\ext\jfxrt.jar;C:\Program Files\Java\jdk1.8.0_291\jre\lib\ext\localedata.jar;C:\Program Files\Java\jdk1.8.0_291\jre\lib\ext\nashorn.jar;C:\Program Files\Java\jdk1.8.0_291\jre\lib\ext\sunec.jar;C:\Program Files\Java\jdk1.8.0_291\jre\lib\ext\sunjce_provider.jar;C:\Program Files\Java\jdk1.8.0_291\jre\lib\ext\sunmscapi.jar;C:\Program Files\Java\jdk1.8.0_291\jre\lib\ext\sunpkcs11.jar;C:\Program Files\Java\jdk1.8.0_291\jre\lib\ext\zipfs.jar;C:\Program Files\Java\jdk1.8.0_291\jre\lib\javaws.jar;C:\Program Files\Java\jdk1.8.0_291\jre\lib\jce.jar;C:\Program Files\Java\jdk1.8.0_291\jre\lib\jfr.jar;C:\Program Files\Java\jdk1.8.0_291\jre\lib\jfxswt.jar;C:\Program Files\Java\jdk1.8.0_291\jre\lib\jsse.jar;C:\Program Files\Java\jdk1.8.0_291\jre\lib\management-agent.jar;C:\Program Files\Java\jdk1.8.0_291\jre\lib\plugin.jar;C:\Program Files\Java\jdk1.8.0_291\jre\lib\resources.jar;C:\Program Files\Java\jdk1.8.0_291\jre\lib\rt.jar;C:\Users\testinium\Desktop\Intellij-Projects\LcwaikikiProject\target\test-classes;C:\Users\testinium\Desktop\Intellij-Projects\LcwaikikiProject\target\classes;C:\Users\testinium\.m2\repository\junit\junit\4.13.2\junit-4.13.2.jar;C:\Users\testinium\.m2\repository\org\hamcrest\hamcrest-core\1.3\hamcrest-core-1.3.jar;C:\Users\testinium\.m2\repository\org\seleniumhq\selenium\selenium-java\3.141.59\selenium-java-3.141.59.jar;C:\Users\testinium\.m2\repository\org\seleniumhq\selenium\selenium-api\3.141.59\selenium-api-3.141.59.jar;C:\Users\testinium\.m2\repository\org\seleniumhq\selenium\selenium-chrome-driver\3.141.59\selenium-chrome-driver-3.141.59.jar;C:\Users\testinium\.m2\repository\org\seleniumhq\selenium\selenium-edge-driver\3.141.59\selenium-edge-driver-3.141.59.jar;C:\Users\testinium\.m2\repository\org\seleniumhq\selenium\selenium-firefox-driver\3.141.59\selenium-firefox-driver-3.141.59.jar;C:\Users\testinium\.m2\repository\org\seleniumhq\selenium\selenium-ie-driver\3.141.59\selenium-ie-driver-3.141.59.jar;C:\Users\testinium\.m2\repository\org\seleniumhq\selenium\selenium-opera-driver\3.141.59\selenium-opera-driver-3.141.59.jar;C:\Users\testinium\.m2\repository\org\seleniumhq\selenium\selenium-remote-driver\3.141.59\selenium-remote-driver-3.141.59.jar;C:\Users\testinium\.m2\repository\org\seleniumhq\selenium\selenium-safari-driver\3.141.59\selenium-safari-driver-3.141.59.jar;C:\Users\testinium\.m2\repository\org\seleniumhq\selenium\selenium-support\3.141.59\selenium-support-3.141.59.jar;C:\Users\testinium\.m2\repository\net\bytebuddy\byte-buddy\1.8.15\byte-buddy-1.8.15.jar;C:\Users\testinium\.m2\repository\org\apache\commons\commons-exec\1.3\commons-exec-1.3.jar;C:\Users\testinium\.m2\repository\com\google\guava\guava\25.0-jre\guava-25.0-jre.jar;C:\Users\testinium\.m2\repository\com\google\code\findbugs\jsr305\1.3.9\jsr305-1.3.9.jar;C:\Users\testinium\.m2\repository\org\checkerframework\checker-compat-qual\2.0.0\checker-compat-qual-2.0.0.jar;C:\Users\testinium\.m2\repository\com\google\errorprone\error_prone_annotations\2.1.3\error_prone_annotations-2.1.3.jar;C:\Users\testinium\.m2\repository\com\google\j2objc\j2objc-annotations\1.1\j2objc-annotations-1.1.jar;C:\Users\testinium\.m2\repository\org\codehaus\mojo\animal-sniffer-annotations\1.14\animal-sniffer-annotations-1.14.jar;C:\Users\testinium\.m2\repository\com\squareup\okhttp3\okhttp\3.11.0\okhttp-3.11.0.jar;C:\Users\testinium\.m2\repository\com\squareup\okio\okio\1.14.0\okio-1.14.0.jar;C:\Users\testinium\.m2\repository\com\thoughtworks\gauge\gauge-java\0.7.4\gauge-java-0.7.4.jar;C:\Users\testinium\.m2\repository\org\assertj\assertj-core\3.14.0\assertj-core-3.14.0.jar;C:\Users\testinium\.m2\repository\org\reflections\reflections\0.9.11\reflections-0.9.11.jar;C:\Users\testinium\.m2\repository\org\javassist\javassist\3.21.0-GA\javassist-3.21.0-GA.jar;C:\Users\testinium\.m2\repository\com\github\javaparser\javaparser-core\2.5.1\javaparser-core-2.5.1.jar;C:\Users\testinium\.m2\repository\commons-io\commons-io\2.6\commons-io-2.6.jar;C:\Users\testinium\.m2\repository\commons-lang\commons-lang\2.6\commons-lang-2.6.jar;C:\Users\testinium\.m2\repository\org\json\json\20190722\json-20190722.jar;C:\Users\testinium\.m2\repository\com\google\protobuf\protobuf-java\3.11.1\protobuf-java-3.11.1.jar;C:\Users\testinium\.m2\repository\io\grpc\grpc-netty-shaded\1.26.0\grpc-netty-shaded-1.26.0.jar;C:\Users\testinium\.m2\repository\io\grpc\grpc-core\1.26.0\grpc-core-1.26.0.jar;C:\Users\testinium\.m2\repository\com\google\android\annotations\4.1.1.4\annotations-4.1.1.4.jar;C:\Users\testinium\.m2\repository\io\perfmark\perfmark-api\0.19.0\perfmark-api-0.19.0.jar;C:\Users\testinium\.m2\repository\io\opencensus\opencensus-api\0.24.0\opencensus-api-0.24.0.jar;C:\Users\testinium\.m2\repository\io\opencensus\opencensus-contrib-grpc-metrics\0.24.0\opencensus-contrib-grpc-metrics-0.24.0.jar;C:\Users\testinium\.m2\repository\io\grpc\grpc-protobuf\1.26.0\grpc-protobuf-1.26.0.jar;C:\Users\testinium\.m2\repository\io\grpc\grpc-api\1.26.0\grpc-api-1.26.0.jar;C:\Users\testinium\.m2\repository\io\grpc\grpc-context\1.26.0\grpc-context-1.26.0.jar;C:\Users\testinium\.m2\repository\com\google\api\grpc\proto-google-common-protos\1.12.0\proto-google-common-protos-1.12.0.jar;C:\Users\testinium\.m2\repository\io\grpc\grpc-protobuf-lite\1.26.0\grpc-protobuf-lite-1.26.0.jar;C:\Users\testinium\.m2\repository\io\grpc\grpc-stub\1.24.1\grpc-stub-1.24.1.jar;C:\Users\testinium\.m2\repository\javax\annotation\javax.annotation-api\1.3.2\javax.annotation-api-1.3.2.jar;C:\Users\testinium\.m2\repository\com\google\code\gson\gson\2.8.5\gson-2.8.5.jar;C:\Users\testinium\.m2\repository\log4j\log4j\1.2.17\log4j-1.2.17.jar
26-07-2021 03:24:57.780 [java] [DEBUG] found java executable in C:\Program Files\Java\jdk1.8.0_291\jre\bin\java.exe
26-07-2021 03:24:57.780 [java] [DEBUG] running - C:\Program Files\Java\jdk1.8.0_291\jre\bin\java.exe [-Dfile.encoding=UTF-8 com.thoughtworks.gauge.GaugeRuntime --start]
26-07-2021 03:24:57.780 [java] [DEBUG] stdout/stderr is logged to logs\15028-java.exe.out
26-07-2021 03:24:58.616 [Gauge] [DEBUG] Attempting to connect to grpc server at port: 65134
26-07-2021 03:24:58.714 [Gauge] [DEBUG] Successfully made the connection with runner with port: 65134
26-07-2021 03:24:58.714 [Gauge] [DEBUG] Validation started.
26-07-2021 03:24:58.825 [Gauge] [DEBUG] Validation completed.
26-07-2021 03:24:58.826 [Gauge] [DEBUG] Run started
26-07-2021 03:24:58.827 [Gauge] [DEBUG] Starting Html Report plugin
26-07-2021 03:24:58.841 [Gauge] [DEBUG] Attempting to connect to grpc server at port: 65137
26-07-2021 03:24:58.841 [Gauge] [DEBUG] Successfully made the connection with plugin with port: 65137
26-07-2021 03:24:58.841 [Gauge] [DEBUG] Initialising suite data store.
26-07-2021 03:25:01.471 [java] [DEBUG] Scanning packages for steps
26-07-2021 03:25:01.484 [java] [DEBUG] Scanning packages for hooks
26-07-2021 03:25:23.341 [html-report] [DEBUG] Transformed SuiteResult to report structure
26-07-2021 03:25:23.358 [html-report] [INFO] Successfully generated html-report to => C:\Users\testinium\Desktop\Intellij-Projects\LcwaikikiProject\reports\html-report\index.html
26-07-2021 03:25:23.358 [html-report] [DEBUG] Done generating HTML report using theme from C:\Users\testinium\AppData\Roaming\gauge\plugins\html-report\4.0.12\themes\default
26-07-2021 03:25:23.358 [Gauge] [DEBUG] Sending kill message to Html Report plugin.
26-07-2021 03:25:24.007 [Gauge] [DEBUG] Runner with PID:15028 has exited
26-07-2021 03:25:24.007 [Gauge] [INFO] Specifications:	1 executed	1 passed	0 failed	0 skipped
26-07-2021 03:25:24.007 [Gauge] [INFO] Scenarios:	1 executed	1 passed	0 failed	0 skipped
26-07-2021 03:25:24.007 [Gauge] [INFO] 
Total time taken: 24.513s
26-07-2021 03:25:24.008 [Gauge] [INFO] Updates are available. Run `gauge update -c` for more info.
26-07-2021 03:25:51.186 [Gauge] [DEBUG] Created gauge_screenshots_dir at C:\Users\testinium\Desktop\Intellij-Projects\LcwaikikiProject\.gauge\screenshots
26-07-2021 03:25:51.187 [Gauge] [DEBUG] Plugin java is already installed.
26-07-2021 03:25:51.188 [Gauge] [DEBUG] Plugin html-report is already installed.
26-07-2021 03:25:51.189 [Gauge] [DEBUG] Parsing started.
26-07-2021 03:25:51.189 [Gauge] [DEBUG] Started concepts parsing.
26-07-2021 03:25:51.195 [Gauge] [DEBUG] 15 concepts parsing completed.
26-07-2021 03:25:51.195 [Gauge] [DEBUG] Started specifications parsing.
26-07-2021 03:25:51.195 [Gauge] [DEBUG] 1 specifications parsing completed.
26-07-2021 03:25:51.195 [Gauge] [DEBUG] Parsing completed.
26-07-2021 03:25:51.209 [java] [DEBUG] ***** Printing Properties/Env Values *****
26-07-2021 03:25:51.210 [java] [DEBUG] PATH: C:\Program Files\Java\jdk1.8.0_291\bin;C:\Windows\system32;C:\Windows;C:\Windows\System32\Wbem;C:\Windows\System32\WindowsPowerShell\v1.0\;C:\Windows\System32\OpenSSH\;C:\Program Files\NVIDIA Corporation\NVIDIA NvDLISR;C:\Program Files\nodejs\;C:\Program Files\maven\apache-maven-3.8.1\bin;C:\Program Files\Gauge\bin;C:\WINDOWS\system32;C:\WINDOWS;C:\WINDOWS\System32\Wbem;C:\WINDOWS\System32\WindowsPowerShell\v1.0\;C:\WINDOWS\System32\OpenSSH\;C:\Users\testinium\AppData\Local\Android\Sdk;C:\Users\testinium\AppData\Local\Android\Sdk\platform-tools;C:\Users\testinium\AppData\Local\Android\Sdk\tools;C:\Users\testinium\AppData\Local\Android\Sdk\build-tools;C:\Users\testinium\AppData\Local\Microsoft\WindowsApps;C:\Users\testinium\AppData\Roaming\npm;C:\Users\testinium\AppData\Local\GitHubDesktop\bin;C:\Users\testinium\AppData\Roaming\gauge\plugins\screenshot\0.0.1
26-07-2021 03:25:51.210 [java] [DEBUG] JAVA_HOME: C:\Program Files\Java\jdk1.8.0_291
26-07-2021 03:25:51.210 [java] [DEBUG] gauge_project_root: C:\Users\testinium\Desktop\Intellij-Projects\LcwaikikiProject
26-07-2021 03:25:51.210 [java] [DEBUG] gauge_parallel_streams_count: 
26-07-2021 03:25:51.210 [java] [DEBUG] gauge_reports_dir: reports
26-07-2021 03:25:51.210 [java] [DEBUG] overwrite_reports: true
26-07-2021 03:25:51.210 [java] [DEBUG] logs_directory: logs
26-07-2021 03:25:51.210 [java] [DEBUG] enable_multithreading: 
26-07-2021 03:25:51.210 [java] [DEBUG] gauge_specs_dir: specs
26-07-2021 03:25:51.210 [java] [DEBUG] csv_delimiter: ,
26-07-2021 03:25:51.210 [java] [DEBUG] gauge_java_home: 
26-07-2021 03:25:51.210 [java] [DEBUG] gauge_custom_build_path: 
26-07-2021 03:25:51.210 [java] [DEBUG] gauge_additional_libs: libs/*
26-07-2021 03:25:51.210 [java] [DEBUG] gauge_jvm_args: 
26-07-2021 03:25:51.210 [java] [DEBUG] gauge_custom_compile_dir: 
26-07-2021 03:25:51.210 [java] [DEBUG] gauge_clear_state_level: scenario
26-07-2021 03:25:51.210 [java] [DEBUG] ***** END *****
26-07-2021 03:25:51.767 [Gauge] [DEBUG] Checking updates...
26-07-2021 03:25:51.768 [Gauge] [DEBUG] Downloading https://downloads.gauge.org/plugin/html-report?l=java&p=html-report,java,screenshot,spectacle,xml-report&o=windows&a=amd64
26-07-2021 03:25:52.158 [Gauge] [DEBUG] Downloading https://downloads.gauge.org/plugin/java?l=java&p=html-report,java,screenshot,spectacle,xml-report&o=windows&a=amd64
26-07-2021 03:25:52.287 [Gauge] [DEBUG] Downloading https://downloads.gauge.org/plugin/screenshot?l=java&p=html-report,java,screenshot,spectacle,xml-report&o=windows&a=amd64
26-07-2021 03:25:52.455 [Gauge] [DEBUG] Downloading https://downloads.gauge.org/plugin/spectacle?l=java&p=html-report,java,screenshot,spectacle,xml-report&o=windows&a=amd64
26-07-2021 03:25:52.639 [Gauge] [DEBUG] Downloading https://downloads.gauge.org/plugin/xml-report?l=java&p=html-report,java,screenshot,spectacle,xml-report&o=windows&a=amd64
26-07-2021 03:25:53.028 [java] [ERROR] Installed version of gauge-java (0.7.15) does not match with dependency gauge-java (0.7.4) specified in pom.xml file
26-07-2021 03:25:53.028 [java] [DEBUG] classpath set to C:\Program Files\Java\jdk1.8.0_291\jre\lib\charsets.jar;C:\Program Files\Java\jdk1.8.0_291\jre\lib\deploy.jar;C:\Program Files\Java\jdk1.8.0_291\jre\lib\ext\access-bridge-64.jar;C:\Program Files\Java\jdk1.8.0_291\jre\lib\ext\cldrdata.jar;C:\Program Files\Java\jdk1.8.0_291\jre\lib\ext\dnsns.jar;C:\Program Files\Java\jdk1.8.0_291\jre\lib\ext\jaccess.jar;C:\Program Files\Java\jdk1.8.0_291\jre\lib\ext\jfxrt.jar;C:\Program Files\Java\jdk1.8.0_291\jre\lib\ext\localedata.jar;C:\Program Files\Java\jdk1.8.0_291\jre\lib\ext\nashorn.jar;C:\Program Files\Java\jdk1.8.0_291\jre\lib\ext\sunec.jar;C:\Program Files\Java\jdk1.8.0_291\jre\lib\ext\sunjce_provider.jar;C:\Program Files\Java\jdk1.8.0_291\jre\lib\ext\sunmscapi.jar;C:\Program Files\Java\jdk1.8.0_291\jre\lib\ext\sunpkcs11.jar;C:\Program Files\Java\jdk1.8.0_291\jre\lib\ext\zipfs.jar;C:\Program Files\Java\jdk1.8.0_291\jre\lib\javaws.jar;C:\Program Files\Java\jdk1.8.0_291\jre\lib\jce.jar;C:\Program Files\Java\jdk1.8.0_291\jre\lib\jfr.jar;C:\Program Files\Java\jdk1.8.0_291\jre\lib\jfxswt.jar;C:\Program Files\Java\jdk1.8.0_291\jre\lib\jsse.jar;C:\Program Files\Java\jdk1.8.0_291\jre\lib\management-agent.jar;C:\Program Files\Java\jdk1.8.0_291\jre\lib\plugin.jar;C:\Program Files\Java\jdk1.8.0_291\jre\lib\resources.jar;C:\Program Files\Java\jdk1.8.0_291\jre\lib\rt.jar;C:\Users\testinium\Desktop\Intellij-Projects\LcwaikikiProject\target\test-classes;C:\Users\testinium\Desktop\Intellij-Projects\LcwaikikiProject\target\classes;C:\Users\testinium\.m2\repository\junit\junit\4.13.2\junit-4.13.2.jar;C:\Users\testinium\.m2\repository\org\hamcrest\hamcrest-core\1.3\hamcrest-core-1.3.jar;C:\Users\testinium\.m2\repository\org\seleniumhq\selenium\selenium-java\3.141.59\selenium-java-3.141.59.jar;C:\Users\testinium\.m2\repository\org\seleniumhq\selenium\selenium-api\3.141.59\selenium-api-3.141.59.jar;C:\Users\testinium\.m2\repository\org\seleniumhq\selenium\selenium-chrome-driver\3.141.59\selenium-chrome-driver-3.141.59.jar;C:\Users\testinium\.m2\repository\org\seleniumhq\selenium\selenium-edge-driver\3.141.59\selenium-edge-driver-3.141.59.jar;C:\Users\testinium\.m2\repository\org\seleniumhq\selenium\selenium-firefox-driver\3.141.59\selenium-firefox-driver-3.141.59.jar;C:\Users\testinium\.m2\repository\org\seleniumhq\selenium\selenium-ie-driver\3.141.59\selenium-ie-driver-3.141.59.jar;C:\Users\testinium\.m2\repository\org\seleniumhq\selenium\selenium-opera-driver\3.141.59\selenium-opera-driver-3.141.59.jar;C:\Users\testinium\.m2\repository\org\seleniumhq\selenium\selenium-remote-driver\3.141.59\selenium-remote-driver-3.141.59.jar;C:\Users\testinium\.m2\repository\org\seleniumhq\selenium\selenium-safari-driver\3.141.59\selenium-safari-driver-3.141.59.jar;C:\Users\testinium\.m2\repository\org\seleniumhq\selenium\selenium-support\3.141.59\selenium-support-3.141.59.jar;C:\Users\testinium\.m2\repository\net\bytebuddy\byte-buddy\1.8.15\byte-buddy-1.8.15.jar;C:\Users\testinium\.m2\repository\org\apache\commons\commons-exec\1.3\commons-exec-1.3.jar;C:\Users\testinium\.m2\repository\com\google\guava\guava\25.0-jre\guava-25.0-jre.jar;C:\Users\testinium\.m2\repository\com\google\code\findbugs\jsr305\1.3.9\jsr305-1.3.9.jar;C:\Users\testinium\.m2\repository\org\checkerframework\checker-compat-qual\2.0.0\checker-compat-qual-2.0.0.jar;C:\Users\testinium\.m2\repository\com\google\errorprone\error_prone_annotations\2.1.3\error_prone_annotations-2.1.3.jar;C:\Users\testinium\.m2\repository\com\google\j2objc\j2objc-annotations\1.1\j2objc-annotations-1.1.jar;C:\Users\testinium\.m2\repository\org\codehaus\mojo\animal-sniffer-annotations\1.14\animal-sniffer-annotations-1.14.jar;C:\Users\testinium\.m2\repository\com\squareup\okhttp3\okhttp\3.11.0\okhttp-3.11.0.jar;C:\Users\testinium\.m2\repository\com\squareup\okio\okio\1.14.0\okio-1.14.0.jar;C:\Users\testinium\.m2\repository\com\thoughtworks\gauge\gauge-java\0.7.4\gauge-java-0.7.4.jar;C:\Users\testinium\.m2\repository\org\assertj\assertj-core\3.14.0\assertj-core-3.14.0.jar;C:\Users\testinium\.m2\repository\org\reflections\reflections\0.9.11\reflections-0.9.11.jar;C:\Users\testinium\.m2\repository\org\javassist\javassist\3.21.0-GA\javassist-3.21.0-GA.jar;C:\Users\testinium\.m2\repository\com\github\javaparser\javaparser-core\2.5.1\javaparser-core-2.5.1.jar;C:\Users\testinium\.m2\repository\commons-io\commons-io\2.6\commons-io-2.6.jar;C:\Users\testinium\.m2\repository\commons-lang\commons-lang\2.6\commons-lang-2.6.jar;C:\Users\testinium\.m2\repository\org\json\json\20190722\json-20190722.jar;C:\Users\testinium\.m2\repository\com\google\protobuf\protobuf-java\3.11.1\protobuf-java-3.11.1.jar;C:\Users\testinium\.m2\repository\io\grpc\grpc-netty-shaded\1.26.0\grpc-netty-shaded-1.26.0.jar;C:\Users\testinium\.m2\repository\io\grpc\grpc-core\1.26.0\grpc-core-1.26.0.jar;C:\Users\testinium\.m2\repository\com\google\android\annotations\4.1.1.4\annotations-4.1.1.4.jar;C:\Users\testinium\.m2\repository\io\perfmark\perfmark-api\0.19.0\perfmark-api-0.19.0.jar;C:\Users\testinium\.m2\repository\io\opencensus\opencensus-api\0.24.0\opencensus-api-0.24.0.jar;C:\Users\testinium\.m2\repository\io\opencensus\opencensus-contrib-grpc-metrics\0.24.0\opencensus-contrib-grpc-metrics-0.24.0.jar;C:\Users\testinium\.m2\repository\io\grpc\grpc-protobuf\1.26.0\grpc-protobuf-1.26.0.jar;C:\Users\testinium\.m2\repository\io\grpc\grpc-api\1.26.0\grpc-api-1.26.0.jar;C:\Users\testinium\.m2\repository\io\grpc\grpc-context\1.26.0\grpc-context-1.26.0.jar;C:\Users\testinium\.m2\repository\com\google\api\grpc\proto-google-common-protos\1.12.0\proto-google-common-protos-1.12.0.jar;C:\Users\testinium\.m2\repository\io\grpc\grpc-protobuf-lite\1.26.0\grpc-protobuf-lite-1.26.0.jar;C:\Users\testinium\.m2\repository\io\grpc\grpc-stub\1.24.1\grpc-stub-1.24.1.jar;C:\Users\testinium\.m2\repository\javax\annotation\javax.annotation-api\1.3.2\javax.annotation-api-1.3.2.jar;C:\Users\testinium\.m2\repository\com\google\code\gson\gson\2.8.5\gson-2.8.5.jar;C:\Users\testinium\.m2\repository\log4j\log4j\1.2.17\log4j-1.2.17.jar
26-07-2021 03:25:53.062 [java] [DEBUG] found java executable in C:\Program Files\Java\jdk1.8.0_291\jre\bin\java.exe
26-07-2021 03:25:53.062 [java] [DEBUG] running - C:\Program Files\Java\jdk1.8.0_291\jre\bin\java.exe [-Dfile.encoding=UTF-8 com.thoughtworks.gauge.GaugeRuntime --start]
26-07-2021 03:25:53.062 [java] [DEBUG] stdout/stderr is logged to logs\12528-java.exe.out
26-07-2021 03:25:53.857 [Gauge] [DEBUG] Attempting to connect to grpc server at port: 50305
26-07-2021 03:25:53.948 [Gauge] [DEBUG] Successfully made the connection with runner with port: 50305
26-07-2021 03:25:53.948 [Gauge] [DEBUG] Validation started.
26-07-2021 03:25:54.055 [Gauge] [DEBUG] Validation completed.
26-07-2021 03:25:54.055 [Gauge] [DEBUG] Run started
26-07-2021 03:25:54.056 [Gauge] [DEBUG] Starting Html Report plugin
26-07-2021 03:25:54.067 [Gauge] [DEBUG] Attempting to connect to grpc server at port: 50308
26-07-2021 03:25:54.067 [Gauge] [DEBUG] Successfully made the connection with plugin with port: 50308
26-07-2021 03:25:54.067 [Gauge] [DEBUG] Initialising suite data store.
26-07-2021 03:25:56.395 [java] [DEBUG] Scanning packages for steps
26-07-2021 03:25:56.404 [java] [DEBUG] Scanning packages for hooks
26-07-2021 03:26:18.559 [html-report] [DEBUG] Transformed SuiteResult to report structure
26-07-2021 03:26:18.577 [html-report] [INFO] Successfully generated html-report to => C:\Users\testinium\Desktop\Intellij-Projects\LcwaikikiProject\reports\html-report\index.html
26-07-2021 03:26:18.577 [html-report] [DEBUG] Done generating HTML report using theme from C:\Users\testinium\AppData\Roaming\gauge\plugins\html-report\4.0.12\themes\default
26-07-2021 03:26:18.577 [Gauge] [DEBUG] Sending kill message to Html Report plugin.
26-07-2021 03:26:19.303 [Gauge] [DEBUG] Runner with PID:12528 has exited
26-07-2021 03:26:19.303 [Gauge] [INFO] Specifications:	1 executed	1 passed	0 failed	0 skipped
26-07-2021 03:26:19.303 [Gauge] [INFO] Scenarios:	1 executed	1 passed	0 failed	0 skipped
26-07-2021 03:26:19.303 [Gauge] [INFO] 
Total time taken: 24.503s
26-07-2021 03:26:19.305 [Gauge] [INFO] Updates are available. Run `gauge update -c` for more info.
26-07-2021 03:26:31.402 [Gauge] [DEBUG] Created gauge_screenshots_dir at C:\Users\testinium\Desktop\Intellij-Projects\LcwaikikiProject\.gauge\screenshots
26-07-2021 03:26:31.402 [Gauge] [DEBUG] Plugin java is already installed.
26-07-2021 03:26:31.402 [Gauge] [DEBUG] Plugin html-report is already installed.
26-07-2021 03:26:31.402 [Gauge] [DEBUG] Parsing started.
26-07-2021 03:26:31.404 [Gauge] [DEBUG] Started concepts parsing.
26-07-2021 03:26:31.408 [Gauge] [DEBUG] 15 concepts parsing completed.
26-07-2021 03:26:31.408 [Gauge] [DEBUG] Started specifications parsing.
26-07-2021 03:26:31.409 [Gauge] [DEBUG] 1 specifications parsing completed.
26-07-2021 03:26:31.409 [Gauge] [DEBUG] Parsing completed.
26-07-2021 03:26:31.422 [java] [DEBUG] ***** Printing Properties/Env Values *****
26-07-2021 03:26:31.422 [java] [DEBUG] PATH: C:\Program Files\Java\jdk1.8.0_291\bin;C:\Windows\system32;C:\Windows;C:\Windows\System32\Wbem;C:\Windows\System32\WindowsPowerShell\v1.0\;C:\Windows\System32\OpenSSH\;C:\Program Files\NVIDIA Corporation\NVIDIA NvDLISR;C:\Program Files\nodejs\;C:\Program Files\maven\apache-maven-3.8.1\bin;C:\Program Files\Gauge\bin;C:\WINDOWS\system32;C:\WINDOWS;C:\WINDOWS\System32\Wbem;C:\WINDOWS\System32\WindowsPowerShell\v1.0\;C:\WINDOWS\System32\OpenSSH\;C:\Users\testinium\AppData\Local\Android\Sdk;C:\Users\testinium\AppData\Local\Android\Sdk\platform-tools;C:\Users\testinium\AppData\Local\Android\Sdk\tools;C:\Users\testinium\AppData\Local\Android\Sdk\build-tools;C:\Users\testinium\AppData\Local\Microsoft\WindowsApps;C:\Users\testinium\AppData\Roaming\npm;C:\Users\testinium\AppData\Local\GitHubDesktop\bin;C:\Users\testinium\AppData\Roaming\gauge\plugins\screenshot\0.0.1
26-07-2021 03:26:31.422 [java] [DEBUG] JAVA_HOME: C:\Program Files\Java\jdk1.8.0_291
26-07-2021 03:26:31.422 [java] [DEBUG] gauge_project_root: C:\Users\testinium\Desktop\Intellij-Projects\LcwaikikiProject
26-07-2021 03:26:31.422 [java] [DEBUG] gauge_parallel_streams_count: 
26-07-2021 03:26:31.422 [java] [DEBUG] gauge_reports_dir: reports
26-07-2021 03:26:31.422 [java] [DEBUG] overwrite_reports: true
26-07-2021 03:26:31.422 [java] [DEBUG] logs_directory: logs
26-07-2021 03:26:31.422 [java] [DEBUG] enable_multithreading: 
26-07-2021 03:26:31.422 [java] [DEBUG] gauge_specs_dir: specs
26-07-2021 03:26:31.422 [java] [DEBUG] csv_delimiter: ,
26-07-2021 03:26:31.422 [java] [DEBUG] gauge_java_home: 
26-07-2021 03:26:31.422 [java] [DEBUG] gauge_custom_build_path: 
26-07-2021 03:26:31.422 [java] [DEBUG] gauge_additional_libs: libs/*
26-07-2021 03:26:31.422 [java] [DEBUG] gauge_jvm_args: 
26-07-2021 03:26:31.422 [java] [DEBUG] gauge_custom_compile_dir: 
26-07-2021 03:26:31.422 [java] [DEBUG] gauge_clear_state_level: scenario
26-07-2021 03:26:31.422 [java] [DEBUG] ***** END *****
26-07-2021 03:26:31.651 [Gauge] [DEBUG] Checking updates...
26-07-2021 03:26:31.651 [Gauge] [DEBUG] Downloading https://downloads.gauge.org/plugin/html-report?l=java&p=html-report,java,screenshot,spectacle,xml-report&o=windows&a=amd64
26-07-2021 03:26:32.090 [Gauge] [DEBUG] Downloading https://downloads.gauge.org/plugin/java?l=java&p=html-report,java,screenshot,spectacle,xml-report&o=windows&a=amd64
26-07-2021 03:26:32.240 [Gauge] [DEBUG] Downloading https://downloads.gauge.org/plugin/screenshot?l=java&p=html-report,java,screenshot,spectacle,xml-report&o=windows&a=amd64
26-07-2021 03:26:32.431 [Gauge] [DEBUG] Downloading https://downloads.gauge.org/plugin/spectacle?l=java&p=html-report,java,screenshot,spectacle,xml-report&o=windows&a=amd64
26-07-2021 03:26:32.631 [Gauge] [DEBUG] Downloading https://downloads.gauge.org/plugin/xml-report?l=java&p=html-report,java,screenshot,spectacle,xml-report&o=windows&a=amd64
26-07-2021 03:26:33.198 [java] [ERROR] Installed version of gauge-java (0.7.15) does not match with dependency gauge-java (0.7.4) specified in pom.xml file
26-07-2021 03:26:33.198 [java] [DEBUG] classpath set to C:\Program Files\Java\jdk1.8.0_291\jre\lib\charsets.jar;C:\Program Files\Java\jdk1.8.0_291\jre\lib\deploy.jar;C:\Program Files\Java\jdk1.8.0_291\jre\lib\ext\access-bridge-64.jar;C:\Program Files\Java\jdk1.8.0_291\jre\lib\ext\cldrdata.jar;C:\Program Files\Java\jdk1.8.0_291\jre\lib\ext\dnsns.jar;C:\Program Files\Java\jdk1.8.0_291\jre\lib\ext\jaccess.jar;C:\Program Files\Java\jdk1.8.0_291\jre\lib\ext\jfxrt.jar;C:\Program Files\Java\jdk1.8.0_291\jre\lib\ext\localedata.jar;C:\Program Files\Java\jdk1.8.0_291\jre\lib\ext\nashorn.jar;C:\Program Files\Java\jdk1.8.0_291\jre\lib\ext\sunec.jar;C:\Program Files\Java\jdk1.8.0_291\jre\lib\ext\sunjce_provider.jar;C:\Program Files\Java\jdk1.8.0_291\jre\lib\ext\sunmscapi.jar;C:\Program Files\Java\jdk1.8.0_291\jre\lib\ext\sunpkcs11.jar;C:\Program Files\Java\jdk1.8.0_291\jre\lib\ext\zipfs.jar;C:\Program Files\Java\jdk1.8.0_291\jre\lib\javaws.jar;C:\Program Files\Java\jdk1.8.0_291\jre\lib\jce.jar;C:\Program Files\Java\jdk1.8.0_291\jre\lib\jfr.jar;C:\Program Files\Java\jdk1.8.0_291\jre\lib\jfxswt.jar;C:\Program Files\Java\jdk1.8.0_291\jre\lib\jsse.jar;C:\Program Files\Java\jdk1.8.0_291\jre\lib\management-agent.jar;C:\Program Files\Java\jdk1.8.0_291\jre\lib\plugin.jar;C:\Program Files\Java\jdk1.8.0_291\jre\lib\resources.jar;C:\Program Files\Java\jdk1.8.0_291\jre\lib\rt.jar;C:\Users\testinium\Desktop\Intellij-Projects\LcwaikikiProject\target\test-classes;C:\Users\testinium\Desktop\Intellij-Projects\LcwaikikiProject\target\classes;C:\Users\testinium\.m2\repository\junit\junit\4.13.2\junit-4.13.2.jar;C:\Users\testinium\.m2\repository\org\hamcrest\hamcrest-core\1.3\hamcrest-core-1.3.jar;C:\Users\testinium\.m2\repository\org\seleniumhq\selenium\selenium-java\3.141.59\selenium-java-3.141.59.jar;C:\Users\testinium\.m2\repository\org\seleniumhq\selenium\selenium-api\3.141.59\selenium-api-3.141.59.jar;C:\Users\testinium\.m2\repository\org\seleniumhq\selenium\selenium-chrome-driver\3.141.59\selenium-chrome-driver-3.141.59.jar;C:\Users\testinium\.m2\repository\org\seleniumhq\selenium\selenium-edge-driver\3.141.59\selenium-edge-driver-3.141.59.jar;C:\Users\testinium\.m2\repository\org\seleniumhq\selenium\selenium-firefox-driver\3.141.59\selenium-firefox-driver-3.141.59.jar;C:\Users\testinium\.m2\repository\org\seleniumhq\selenium\selenium-ie-driver\3.141.59\selenium-ie-driver-3.141.59.jar;C:\Users\testinium\.m2\repository\org\seleniumhq\selenium\selenium-opera-driver\3.141.59\selenium-opera-driver-3.141.59.jar;C:\Users\testinium\.m2\repository\org\seleniumhq\selenium\selenium-remote-driver\3.141.59\selenium-remote-driver-3.141.59.jar;C:\Users\testinium\.m2\repository\org\seleniumhq\selenium\selenium-safari-driver\3.141.59\selenium-safari-driver-3.141.59.jar;C:\Users\testinium\.m2\repository\org\seleniumhq\selenium\selenium-support\3.141.59\selenium-support-3.141.59.jar;C:\Users\testinium\.m2\repository\net\bytebuddy\byte-buddy\1.8.15\byte-buddy-1.8.15.jar;C:\Users\testinium\.m2\repository\org\apache\commons\commons-exec\1.3\commons-exec-1.3.jar;C:\Users\testinium\.m2\repository\com\google\guava\guava\25.0-jre\guava-25.0-jre.jar;C:\Users\testinium\.m2\repository\com\google\code\findbugs\jsr305\1.3.9\jsr305-1.3.9.jar;C:\Users\testinium\.m2\repository\org\checkerframework\checker-compat-qual\2.0.0\checker-compat-qual-2.0.0.jar;C:\Users\testinium\.m2\repository\com\google\errorprone\error_prone_annotations\2.1.3\error_prone_annotations-2.1.3.jar;C:\Users\testinium\.m2\repository\com\google\j2objc\j2objc-annotations\1.1\j2objc-annotations-1.1.jar;C:\Users\testinium\.m2\repository\org\codehaus\mojo\animal-sniffer-annotations\1.14\animal-sniffer-annotations-1.14.jar;C:\Users\testinium\.m2\repository\com\squareup\okhttp3\okhttp\3.11.0\okhttp-3.11.0.jar;C:\Users\testinium\.m2\repository\com\squareup\okio\okio\1.14.0\okio-1.14.0.jar;C:\Users\testinium\.m2\repository\com\thoughtworks\gauge\gauge-java\0.7.4\gauge-java-0.7.4.jar;C:\Users\testinium\.m2\repository\org\assertj\assertj-core\3.14.0\assertj-core-3.14.0.jar;C:\Users\testinium\.m2\repository\org\reflections\reflections\0.9.11\reflections-0.9.11.jar;C:\Users\testinium\.m2\repository\org\javassist\javassist\3.21.0-GA\javassist-3.21.0-GA.jar;C:\Users\testinium\.m2\repository\com\github\javaparser\javaparser-core\2.5.1\javaparser-core-2.5.1.jar;C:\Users\testinium\.m2\repository\commons-io\commons-io\2.6\commons-io-2.6.jar;C:\Users\testinium\.m2\repository\commons-lang\commons-lang\2.6\commons-lang-2.6.jar;C:\Users\testinium\.m2\repository\org\json\json\20190722\json-20190722.jar;C:\Users\testinium\.m2\repository\com\google\protobuf\protobuf-java\3.11.1\protobuf-java-3.11.1.jar;C:\Users\testinium\.m2\repository\io\grpc\grpc-netty-shaded\1.26.0\grpc-netty-shaded-1.26.0.jar;C:\Users\testinium\.m2\repository\io\grpc\grpc-core\1.26.0\grpc-core-1.26.0.jar;C:\Users\testinium\.m2\repository\com\google\android\annotations\4.1.1.4\annotations-4.1.1.4.jar;C:\Users\testinium\.m2\repository\io\perfmark\perfmark-api\0.19.0\perfmark-api-0.19.0.jar;C:\Users\testinium\.m2\repository\io\opencensus\opencensus-api\0.24.0\opencensus-api-0.24.0.jar;C:\Users\testinium\.m2\repository\io\opencensus\opencensus-contrib-grpc-metrics\0.24.0\opencensus-contrib-grpc-metrics-0.24.0.jar;C:\Users\testinium\.m2\repository\io\grpc\grpc-protobuf\1.26.0\grpc-protobuf-1.26.0.jar;C:\Users\testinium\.m2\repository\io\grpc\grpc-api\1.26.0\grpc-api-1.26.0.jar;C:\Users\testinium\.m2\repository\io\grpc\grpc-context\1.26.0\grpc-context-1.26.0.jar;C:\Users\testinium\.m2\repository\com\google\api\grpc\proto-google-common-protos\1.12.0\proto-google-common-protos-1.12.0.jar;C:\Users\testinium\.m2\repository\io\grpc\grpc-protobuf-lite\1.26.0\grpc-protobuf-lite-1.26.0.jar;C:\Users\testinium\.m2\repository\io\grpc\grpc-stub\1.24.1\grpc-stub-1.24.1.jar;C:\Users\testinium\.m2\repository\javax\annotation\javax.annotation-api\1.3.2\javax.annotation-api-1.3.2.jar;C:\Users\testinium\.m2\repository\com\google\code\gson\gson\2.8.5\gson-2.8.5.jar;C:\Users\testinium\.m2\repository\log4j\log4j\1.2.17\log4j-1.2.17.jar
26-07-2021 03:26:33.228 [java] [DEBUG] found java executable in C:\Program Files\Java\jdk1.8.0_291\jre\bin\java.exe
26-07-2021 03:26:33.228 [java] [DEBUG] running - C:\Program Files\Java\jdk1.8.0_291\jre\bin\java.exe [-Dfile.encoding=UTF-8 com.thoughtworks.gauge.GaugeRuntime --start]
26-07-2021 03:26:33.228 [java] [DEBUG] stdout/stderr is logged to logs\1640-java.exe.out
26-07-2021 03:26:34.016 [Gauge] [DEBUG] Attempting to connect to grpc server at port: 64166
26-07-2021 03:26:34.114 [Gauge] [DEBUG] Successfully made the connection with runner with port: 64166
26-07-2021 03:26:34.114 [Gauge] [DEBUG] Validation started.
26-07-2021 03:26:34.226 [Gauge] [DEBUG] Validation completed.
26-07-2021 03:26:34.226 [Gauge] [DEBUG] Run started
26-07-2021 03:26:34.227 [Gauge] [DEBUG] Starting Html Report plugin
26-07-2021 03:26:34.238 [Gauge] [DEBUG] Attempting to connect to grpc server at port: 64169
26-07-2021 03:26:34.238 [Gauge] [DEBUG] Successfully made the connection with plugin with port: 64169
26-07-2021 03:26:34.238 [Gauge] [DEBUG] Initialising suite data store.
26-07-2021 03:26:36.574 [java] [DEBUG] Scanning packages for steps
26-07-2021 03:26:36.584 [java] [DEBUG] Scanning packages for hooks
26-07-2021 03:27:06.984 [Gauge] [DEBUG] Created gauge_screenshots_dir at C:\Users\testinium\Desktop\Intellij-Projects\LcwaikikiProject\.gauge\screenshots
26-07-2021 03:27:06.985 [Gauge] [DEBUG] Plugin java is already installed.
26-07-2021 03:27:06.985 [Gauge] [DEBUG] Plugin html-report is already installed.
26-07-2021 03:27:06.987 [Gauge] [DEBUG] Parsing started.
26-07-2021 03:27:06.987 [Gauge] [DEBUG] Started concepts parsing.
26-07-2021 03:27:06.991 [Gauge] [DEBUG] 15 concepts parsing completed.
26-07-2021 03:27:06.991 [Gauge] [DEBUG] Started specifications parsing.
26-07-2021 03:27:06.991 [Gauge] [DEBUG] 1 specifications parsing completed.
26-07-2021 03:27:06.992 [Gauge] [DEBUG] Parsing completed.
26-07-2021 03:27:07.006 [java] [DEBUG] ***** Printing Properties/Env Values *****
26-07-2021 03:27:07.006 [java] [DEBUG] PATH: C:\Program Files\Java\jdk1.8.0_291\bin;C:\Windows\system32;C:\Windows;C:\Windows\System32\Wbem;C:\Windows\System32\WindowsPowerShell\v1.0\;C:\Windows\System32\OpenSSH\;C:\Program Files\NVIDIA Corporation\NVIDIA NvDLISR;C:\Program Files\nodejs\;C:\Program Files\maven\apache-maven-3.8.1\bin;C:\Program Files\Gauge\bin;C:\WINDOWS\system32;C:\WINDOWS;C:\WINDOWS\System32\Wbem;C:\WINDOWS\System32\WindowsPowerShell\v1.0\;C:\WINDOWS\System32\OpenSSH\;C:\Users\testinium\AppData\Local\Android\Sdk;C:\Users\testinium\AppData\Local\Android\Sdk\platform-tools;C:\Users\testinium\AppData\Local\Android\Sdk\tools;C:\Users\testinium\AppData\Local\Android\Sdk\build-tools;C:\Users\testinium\AppData\Local\Microsoft\WindowsApps;C:\Users\testinium\AppData\Roaming\npm;C:\Users\testinium\AppData\Local\GitHubDesktop\bin;C:\Users\testinium\AppData\Roaming\gauge\plugins\screenshot\0.0.1
26-07-2021 03:27:07.006 [java] [DEBUG] JAVA_HOME: C:\Program Files\Java\jdk1.8.0_291
26-07-2021 03:27:07.006 [java] [DEBUG] gauge_project_root: C:\Users\testinium\Desktop\Intellij-Projects\LcwaikikiProject
26-07-2021 03:27:07.006 [java] [DEBUG] gauge_parallel_streams_count: 
26-07-2021 03:27:07.006 [java] [DEBUG] gauge_reports_dir: reports
26-07-2021 03:27:07.006 [java] [DEBUG] overwrite_reports: true
26-07-2021 03:27:07.006 [java] [DEBUG] logs_directory: logs
26-07-2021 03:27:07.006 [java] [DEBUG] enable_multithreading: 
26-07-2021 03:27:07.006 [java] [DEBUG] gauge_specs_dir: specs
26-07-2021 03:27:07.006 [java] [DEBUG] csv_delimiter: ,
26-07-2021 03:27:07.006 [java] [DEBUG] gauge_java_home: 
26-07-2021 03:27:07.006 [java] [DEBUG] gauge_custom_build_path: 
26-07-2021 03:27:07.006 [java] [DEBUG] gauge_additional_libs: libs/*
26-07-2021 03:27:07.006 [java] [DEBUG] gauge_jvm_args: 
26-07-2021 03:27:07.006 [java] [DEBUG] gauge_custom_compile_dir: 
26-07-2021 03:27:07.006 [java] [DEBUG] gauge_clear_state_level: scenario
26-07-2021 03:27:07.006 [java] [DEBUG] ***** END *****
26-07-2021 03:27:07.559 [Gauge] [DEBUG] Checking updates...
26-07-2021 03:27:07.561 [Gauge] [DEBUG] Downloading https://downloads.gauge.org/plugin/html-report?l=java&p=html-report,java,screenshot,spectacle,xml-report&o=windows&a=amd64
26-07-2021 03:27:08.399 [Gauge] [DEBUG] Downloading https://downloads.gauge.org/plugin/java?l=java&p=html-report,java,screenshot,spectacle,xml-report&o=windows&a=amd64
26-07-2021 03:27:08.574 [Gauge] [DEBUG] Downloading https://downloads.gauge.org/plugin/screenshot?l=java&p=html-report,java,screenshot,spectacle,xml-report&o=windows&a=amd64
26-07-2021 03:27:08.777 [Gauge] [DEBUG] Downloading https://downloads.gauge.org/plugin/spectacle?l=java&p=html-report,java,screenshot,spectacle,xml-report&o=windows&a=amd64
26-07-2021 03:27:08.853 [java] [ERROR] Installed version of gauge-java (0.7.15) does not match with dependency gauge-java (0.7.4) specified in pom.xml file
26-07-2021 03:27:08.853 [java] [DEBUG] classpath set to C:\Program Files\Java\jdk1.8.0_291\jre\lib\charsets.jar;C:\Program Files\Java\jdk1.8.0_291\jre\lib\deploy.jar;C:\Program Files\Java\jdk1.8.0_291\jre\lib\ext\access-bridge-64.jar;C:\Program Files\Java\jdk1.8.0_291\jre\lib\ext\cldrdata.jar;C:\Program Files\Java\jdk1.8.0_291\jre\lib\ext\dnsns.jar;C:\Program Files\Java\jdk1.8.0_291\jre\lib\ext\jaccess.jar;C:\Program Files\Java\jdk1.8.0_291\jre\lib\ext\jfxrt.jar;C:\Program Files\Java\jdk1.8.0_291\jre\lib\ext\localedata.jar;C:\Program Files\Java\jdk1.8.0_291\jre\lib\ext\nashorn.jar;C:\Program Files\Java\jdk1.8.0_291\jre\lib\ext\sunec.jar;C:\Program Files\Java\jdk1.8.0_291\jre\lib\ext\sunjce_provider.jar;C:\Program Files\Java\jdk1.8.0_291\jre\lib\ext\sunmscapi.jar;C:\Program Files\Java\jdk1.8.0_291\jre\lib\ext\sunpkcs11.jar;C:\Program Files\Java\jdk1.8.0_291\jre\lib\ext\zipfs.jar;C:\Program Files\Java\jdk1.8.0_291\jre\lib\javaws.jar;C:\Program Files\Java\jdk1.8.0_291\jre\lib\jce.jar;C:\Program Files\Java\jdk1.8.0_291\jre\lib\jfr.jar;C:\Program Files\Java\jdk1.8.0_291\jre\lib\jfxswt.jar;C:\Program Files\Java\jdk1.8.0_291\jre\lib\jsse.jar;C:\Program Files\Java\jdk1.8.0_291\jre\lib\management-agent.jar;C:\Program Files\Java\jdk1.8.0_291\jre\lib\plugin.jar;C:\Program Files\Java\jdk1.8.0_291\jre\lib\resources.jar;C:\Program Files\Java\jdk1.8.0_291\jre\lib\rt.jar;C:\Users\testinium\Desktop\Intellij-Projects\LcwaikikiProject\target\test-classes;C:\Users\testinium\Desktop\Intellij-Projects\LcwaikikiProject\target\classes;C:\Users\testinium\.m2\repository\junit\junit\4.13.2\junit-4.13.2.jar;C:\Users\testinium\.m2\repository\org\hamcrest\hamcrest-core\1.3\hamcrest-core-1.3.jar;C:\Users\testinium\.m2\repository\org\seleniumhq\selenium\selenium-java\3.141.59\selenium-java-3.141.59.jar;C:\Users\testinium\.m2\repository\org\seleniumhq\selenium\selenium-api\3.141.59\selenium-api-3.141.59.jar;C:\Users\testinium\.m2\repository\org\seleniumhq\selenium\selenium-chrome-driver\3.141.59\selenium-chrome-driver-3.141.59.jar;C:\Users\testinium\.m2\repository\org\seleniumhq\selenium\selenium-edge-driver\3.141.59\selenium-edge-driver-3.141.59.jar;C:\Users\testinium\.m2\repository\org\seleniumhq\selenium\selenium-firefox-driver\3.141.59\selenium-firefox-driver-3.141.59.jar;C:\Users\testinium\.m2\repository\org\seleniumhq\selenium\selenium-ie-driver\3.141.59\selenium-ie-driver-3.141.59.jar;C:\Users\testinium\.m2\repository\org\seleniumhq\selenium\selenium-opera-driver\3.141.59\selenium-opera-driver-3.141.59.jar;C:\Users\testinium\.m2\repository\org\seleniumhq\selenium\selenium-remote-driver\3.141.59\selenium-remote-driver-3.141.59.jar;C:\Users\testinium\.m2\repository\org\seleniumhq\selenium\selenium-safari-driver\3.141.59\selenium-safari-driver-3.141.59.jar;C:\Users\testinium\.m2\repository\org\seleniumhq\selenium\selenium-support\3.141.59\selenium-support-3.141.59.jar;C:\Users\testinium\.m2\repository\net\bytebuddy\byte-buddy\1.8.15\byte-buddy-1.8.15.jar;C:\Users\testinium\.m2\repository\org\apache\commons\commons-exec\1.3\commons-exec-1.3.jar;C:\Users\testinium\.m2\repository\com\google\guava\guava\25.0-jre\guava-25.0-jre.jar;C:\Users\testinium\.m2\repository\com\google\code\findbugs\jsr305\1.3.9\jsr305-1.3.9.jar;C:\Users\testinium\.m2\repository\org\checkerframework\checker-compat-qual\2.0.0\checker-compat-qual-2.0.0.jar;C:\Users\testinium\.m2\repository\com\google\errorprone\error_prone_annotations\2.1.3\error_prone_annotations-2.1.3.jar;C:\Users\testinium\.m2\repository\com\google\j2objc\j2objc-annotations\1.1\j2objc-annotations-1.1.jar;C:\Users\testinium\.m2\repository\org\codehaus\mojo\animal-sniffer-annotations\1.14\animal-sniffer-annotations-1.14.jar;C:\Users\testinium\.m2\repository\com\squareup\okhttp3\okhttp\3.11.0\okhttp-3.11.0.jar;C:\Users\testinium\.m2\repository\com\squareup\okio\okio\1.14.0\okio-1.14.0.jar;C:\Users\testinium\.m2\repository\com\thoughtworks\gauge\gauge-java\0.7.4\gauge-java-0.7.4.jar;C:\Users\testinium\.m2\repository\org\assertj\assertj-core\3.14.0\assertj-core-3.14.0.jar;C:\Users\testinium\.m2\repository\org\reflections\reflections\0.9.11\reflections-0.9.11.jar;C:\Users\testinium\.m2\repository\org\javassist\javassist\3.21.0-GA\javassist-3.21.0-GA.jar;C:\Users\testinium\.m2\repository\com\github\javaparser\javaparser-core\2.5.1\javaparser-core-2.5.1.jar;C:\Users\testinium\.m2\repository\commons-io\commons-io\2.6\commons-io-2.6.jar;C:\Users\testinium\.m2\repository\commons-lang\commons-lang\2.6\commons-lang-2.6.jar;C:\Users\testinium\.m2\repository\org\json\json\20190722\json-20190722.jar;C:\Users\testinium\.m2\repository\com\google\protobuf\protobuf-java\3.11.1\protobuf-java-3.11.1.jar;C:\Users\testinium\.m2\repository\io\grpc\grpc-netty-shaded\1.26.0\grpc-netty-shaded-1.26.0.jar;C:\Users\testinium\.m2\repository\io\grpc\grpc-core\1.26.0\grpc-core-1.26.0.jar;C:\Users\testinium\.m2\repository\com\google\android\annotations\4.1.1.4\annotations-4.1.1.4.jar;C:\Users\testinium\.m2\repository\io\perfmark\perfmark-api\0.19.0\perfmark-api-0.19.0.jar;C:\Users\testinium\.m2\repository\io\opencensus\opencensus-api\0.24.0\opencensus-api-0.24.0.jar;C:\Users\testinium\.m2\repository\io\opencensus\opencensus-contrib-grpc-metrics\0.24.0\opencensus-contrib-grpc-metrics-0.24.0.jar;C:\Users\testinium\.m2\repository\io\grpc\grpc-protobuf\1.26.0\grpc-protobuf-1.26.0.jar;C:\Users\testinium\.m2\repository\io\grpc\grpc-api\1.26.0\grpc-api-1.26.0.jar;C:\Users\testinium\.m2\repository\io\grpc\grpc-context\1.26.0\grpc-context-1.26.0.jar;C:\Users\testinium\.m2\repository\com\google\api\grpc\proto-google-common-protos\1.12.0\proto-google-common-protos-1.12.0.jar;C:\Users\testinium\.m2\repository\io\grpc\grpc-protobuf-lite\1.26.0\grpc-protobuf-lite-1.26.0.jar;C:\Users\testinium\.m2\repository\io\grpc\grpc-stub\1.24.1\grpc-stub-1.24.1.jar;C:\Users\testinium\.m2\repository\javax\annotation\javax.annotation-api\1.3.2\javax.annotation-api-1.3.2.jar;C:\Users\testinium\.m2\repository\com\google\code\gson\gson\2.8.5\gson-2.8.5.jar;C:\Users\testinium\.m2\repository\log4j\log4j\1.2.17\log4j-1.2.17.jar
26-07-2021 03:27:08.877 [java] [DEBUG] found java executable in C:\Program Files\Java\jdk1.8.0_291\jre\bin\java.exe
26-07-2021 03:27:08.877 [java] [DEBUG] running - C:\Program Files\Java\jdk1.8.0_291\jre\bin\java.exe [-Dfile.encoding=UTF-8 com.thoughtworks.gauge.GaugeRuntime --start]
26-07-2021 03:27:08.877 [java] [DEBUG] stdout/stderr is logged to logs\13824-java.exe.out
26-07-2021 03:27:08.991 [Gauge] [DEBUG] Downloading https://downloads.gauge.org/plugin/xml-report?l=java&p=html-report,java,screenshot,spectacle,xml-report&o=windows&a=amd64
26-07-2021 03:27:09.679 [Gauge] [DEBUG] Attempting to connect to grpc server at port: 53695
26-07-2021 03:27:09.776 [Gauge] [DEBUG] Successfully made the connection with runner with port: 53695
26-07-2021 03:27:09.776 [Gauge] [DEBUG] Validation started.
26-07-2021 03:27:09.877 [Gauge] [DEBUG] Validation completed.
26-07-2021 03:27:09.877 [Gauge] [DEBUG] Run started
26-07-2021 03:27:09.878 [Gauge] [DEBUG] Starting Html Report plugin
26-07-2021 03:27:09.889 [Gauge] [DEBUG] Attempting to connect to grpc server at port: 53698
26-07-2021 03:27:09.889 [Gauge] [DEBUG] Successfully made the connection with plugin with port: 53698
26-07-2021 03:27:09.889 [Gauge] [DEBUG] Initialising suite data store.
26-07-2021 03:27:12.285 [java] [DEBUG] Scanning packages for steps
26-07-2021 03:27:12.295 [java] [DEBUG] Scanning packages for hooks
26-07-2021 03:27:34.929 [html-report] [DEBUG] Transformed SuiteResult to report structure
26-07-2021 03:27:34.947 [html-report] [INFO] Successfully generated html-report to => C:\Users\testinium\Desktop\Intellij-Projects\LcwaikikiProject\reports\html-report\index.html
26-07-2021 03:27:34.947 [html-report] [DEBUG] Done generating HTML report using theme from C:\Users\testinium\AppData\Roaming\gauge\plugins\html-report\4.0.12\themes\default
26-07-2021 03:27:34.947 [Gauge] [DEBUG] Sending kill message to Html Report plugin.
26-07-2021 03:27:35.585 [Gauge] [DEBUG] Runner with PID:13824 has exited
26-07-2021 03:27:35.585 [Gauge] [INFO] Specifications:	1 executed	1 passed	0 failed	0 skipped
26-07-2021 03:27:35.585 [Gauge] [INFO] Scenarios:	1 executed	1 passed	0 failed	0 skipped
26-07-2021 03:27:35.585 [Gauge] [INFO] 
Total time taken: 25.044s
26-07-2021 03:27:35.586 [Gauge] [INFO] Updates are available. Run `gauge update -c` for more info.
26-07-2021 03:27:45.093 [Gauge] [DEBUG] Created gauge_screenshots_dir at C:\Users\testinium\Desktop\Intellij-Projects\LcwaikikiProject\.gauge\screenshots
26-07-2021 03:27:45.094 [Gauge] [DEBUG] Plugin java is already installed.
26-07-2021 03:27:45.095 [Gauge] [DEBUG] Plugin html-report is already installed.
26-07-2021 03:27:45.095 [Gauge] [DEBUG] Parsing started.
26-07-2021 03:27:45.095 [Gauge] [DEBUG] Started concepts parsing.
26-07-2021 03:27:45.102 [Gauge] [DEBUG] 15 concepts parsing completed.
26-07-2021 03:27:45.102 [Gauge] [DEBUG] Started specifications parsing.
26-07-2021 03:27:45.102 [Gauge] [DEBUG] 1 specifications parsing completed.
26-07-2021 03:27:45.102 [Gauge] [DEBUG] Parsing completed.
26-07-2021 03:27:45.116 [java] [DEBUG] ***** Printing Properties/Env Values *****
26-07-2021 03:27:45.116 [java] [DEBUG] PATH: C:\Program Files\Java\jdk1.8.0_291\bin;C:\Windows\system32;C:\Windows;C:\Windows\System32\Wbem;C:\Windows\System32\WindowsPowerShell\v1.0\;C:\Windows\System32\OpenSSH\;C:\Program Files\NVIDIA Corporation\NVIDIA NvDLISR;C:\Program Files\nodejs\;C:\Program Files\maven\apache-maven-3.8.1\bin;C:\Program Files\Gauge\bin;C:\WINDOWS\system32;C:\WINDOWS;C:\WINDOWS\System32\Wbem;C:\WINDOWS\System32\WindowsPowerShell\v1.0\;C:\WINDOWS\System32\OpenSSH\;C:\Users\testinium\AppData\Local\Android\Sdk;C:\Users\testinium\AppData\Local\Android\Sdk\platform-tools;C:\Users\testinium\AppData\Local\Android\Sdk\tools;C:\Users\testinium\AppData\Local\Android\Sdk\build-tools;C:\Users\testinium\AppData\Local\Microsoft\WindowsApps;C:\Users\testinium\AppData\Roaming\npm;C:\Users\testinium\AppData\Local\GitHubDesktop\bin;C:\Users\testinium\AppData\Roaming\gauge\plugins\screenshot\0.0.1
26-07-2021 03:27:45.116 [java] [DEBUG] JAVA_HOME: C:\Program Files\Java\jdk1.8.0_291
26-07-2021 03:27:45.116 [java] [DEBUG] gauge_project_root: C:\Users\testinium\Desktop\Intellij-Projects\LcwaikikiProject
26-07-2021 03:27:45.116 [java] [DEBUG] gauge_parallel_streams_count: 
26-07-2021 03:27:45.116 [java] [DEBUG] gauge_reports_dir: reports
26-07-2021 03:27:45.116 [java] [DEBUG] overwrite_reports: true
26-07-2021 03:27:45.116 [java] [DEBUG] logs_directory: logs
26-07-2021 03:27:45.116 [java] [DEBUG] enable_multithreading: 
26-07-2021 03:27:45.116 [java] [DEBUG] gauge_specs_dir: specs
26-07-2021 03:27:45.116 [java] [DEBUG] csv_delimiter: ,
26-07-2021 03:27:45.116 [java] [DEBUG] gauge_java_home: 
26-07-2021 03:27:45.116 [java] [DEBUG] gauge_custom_build_path: 
26-07-2021 03:27:45.116 [java] [DEBUG] gauge_additional_libs: libs/*
26-07-2021 03:27:45.116 [java] [DEBUG] gauge_jvm_args: 
26-07-2021 03:27:45.116 [java] [DEBUG] gauge_custom_compile_dir: 
26-07-2021 03:27:45.116 [java] [DEBUG] gauge_clear_state_level: scenario
26-07-2021 03:27:45.116 [java] [DEBUG] ***** END *****
26-07-2021 03:27:45.597 [Gauge] [DEBUG] Checking updates...
26-07-2021 03:27:45.598 [Gauge] [DEBUG] Downloading https://downloads.gauge.org/plugin/html-report?l=java&p=html-report,java,screenshot,spectacle,xml-report&o=windows&a=amd64
26-07-2021 03:27:46.007 [Gauge] [DEBUG] Downloading https://downloads.gauge.org/plugin/java?l=java&p=html-report,java,screenshot,spectacle,xml-report&o=windows&a=amd64
26-07-2021 03:27:46.156 [Gauge] [DEBUG] Downloading https://downloads.gauge.org/plugin/screenshot?l=java&p=html-report,java,screenshot,spectacle,xml-report&o=windows&a=amd64
26-07-2021 03:27:46.334 [Gauge] [DEBUG] Downloading https://downloads.gauge.org/plugin/spectacle?l=java&p=html-report,java,screenshot,spectacle,xml-report&o=windows&a=amd64
26-07-2021 03:27:46.521 [Gauge] [DEBUG] Downloading https://downloads.gauge.org/plugin/xml-report?l=java&p=html-report,java,screenshot,spectacle,xml-report&o=windows&a=amd64
26-07-2021 03:27:46.934 [java] [ERROR] Installed version of gauge-java (0.7.15) does not match with dependency gauge-java (0.7.4) specified in pom.xml file
26-07-2021 03:27:46.934 [java] [DEBUG] classpath set to C:\Program Files\Java\jdk1.8.0_291\jre\lib\charsets.jar;C:\Program Files\Java\jdk1.8.0_291\jre\lib\deploy.jar;C:\Program Files\Java\jdk1.8.0_291\jre\lib\ext\access-bridge-64.jar;C:\Program Files\Java\jdk1.8.0_291\jre\lib\ext\cldrdata.jar;C:\Program Files\Java\jdk1.8.0_291\jre\lib\ext\dnsns.jar;C:\Program Files\Java\jdk1.8.0_291\jre\lib\ext\jaccess.jar;C:\Program Files\Java\jdk1.8.0_291\jre\lib\ext\jfxrt.jar;C:\Program Files\Java\jdk1.8.0_291\jre\lib\ext\localedata.jar;C:\Program Files\Java\jdk1.8.0_291\jre\lib\ext\nashorn.jar;C:\Program Files\Java\jdk1.8.0_291\jre\lib\ext\sunec.jar;C:\Program Files\Java\jdk1.8.0_291\jre\lib\ext\sunjce_provider.jar;C:\Program Files\Java\jdk1.8.0_291\jre\lib\ext\sunmscapi.jar;C:\Program Files\Java\jdk1.8.0_291\jre\lib\ext\sunpkcs11.jar;C:\Program Files\Java\jdk1.8.0_291\jre\lib\ext\zipfs.jar;C:\Program Files\Java\jdk1.8.0_291\jre\lib\javaws.jar;C:\Program Files\Java\jdk1.8.0_291\jre\lib\jce.jar;C:\Program Files\Java\jdk1.8.0_291\jre\lib\jfr.jar;C:\Program Files\Java\jdk1.8.0_291\jre\lib\jfxswt.jar;C:\Program Files\Java\jdk1.8.0_291\jre\lib\jsse.jar;C:\Program Files\Java\jdk1.8.0_291\jre\lib\management-agent.jar;C:\Program Files\Java\jdk1.8.0_291\jre\lib\plugin.jar;C:\Program Files\Java\jdk1.8.0_291\jre\lib\resources.jar;C:\Program Files\Java\jdk1.8.0_291\jre\lib\rt.jar;C:\Users\testinium\Desktop\Intellij-Projects\LcwaikikiProject\target\test-classes;C:\Users\testinium\Desktop\Intellij-Projects\LcwaikikiProject\target\classes;C:\Users\testinium\.m2\repository\junit\junit\4.13.2\junit-4.13.2.jar;C:\Users\testinium\.m2\repository\org\hamcrest\hamcrest-core\1.3\hamcrest-core-1.3.jar;C:\Users\testinium\.m2\repository\org\seleniumhq\selenium\selenium-java\3.141.59\selenium-java-3.141.59.jar;C:\Users\testinium\.m2\repository\org\seleniumhq\selenium\selenium-api\3.141.59\selenium-api-3.141.59.jar;C:\Users\testinium\.m2\repository\org\seleniumhq\selenium\selenium-chrome-driver\3.141.59\selenium-chrome-driver-3.141.59.jar;C:\Users\testinium\.m2\repository\org\seleniumhq\selenium\selenium-edge-driver\3.141.59\selenium-edge-driver-3.141.59.jar;C:\Users\testinium\.m2\repository\org\seleniumhq\selenium\selenium-firefox-driver\3.141.59\selenium-firefox-driver-3.141.59.jar;C:\Users\testinium\.m2\repository\org\seleniumhq\selenium\selenium-ie-driver\3.141.59\selenium-ie-driver-3.141.59.jar;C:\Users\testinium\.m2\repository\org\seleniumhq\selenium\selenium-opera-driver\3.141.59\selenium-opera-driver-3.141.59.jar;C:\Users\testinium\.m2\repository\org\seleniumhq\selenium\selenium-remote-driver\3.141.59\selenium-remote-driver-3.141.59.jar;C:\Users\testinium\.m2\repository\org\seleniumhq\selenium\selenium-safari-driver\3.141.59\selenium-safari-driver-3.141.59.jar;C:\Users\testinium\.m2\repository\org\seleniumhq\selenium\selenium-support\3.141.59\selenium-support-3.141.59.jar;C:\Users\testinium\.m2\repository\net\bytebuddy\byte-buddy\1.8.15\byte-buddy-1.8.15.jar;C:\Users\testinium\.m2\repository\org\apache\commons\commons-exec\1.3\commons-exec-1.3.jar;C:\Users\testinium\.m2\repository\com\google\guava\guava\25.0-jre\guava-25.0-jre.jar;C:\Users\testinium\.m2\repository\com\google\code\findbugs\jsr305\1.3.9\jsr305-1.3.9.jar;C:\Users\testinium\.m2\repository\org\checkerframework\checker-compat-qual\2.0.0\checker-compat-qual-2.0.0.jar;C:\Users\testinium\.m2\repository\com\google\errorprone\error_prone_annotations\2.1.3\error_prone_annotations-2.1.3.jar;C:\Users\testinium\.m2\repository\com\google\j2objc\j2objc-annotations\1.1\j2objc-annotations-1.1.jar;C:\Users\testinium\.m2\repository\org\codehaus\mojo\animal-sniffer-annotations\1.14\animal-sniffer-annotations-1.14.jar;C:\Users\testinium\.m2\repository\com\squareup\okhttp3\okhttp\3.11.0\okhttp-3.11.0.jar;C:\Users\testinium\.m2\repository\com\squareup\okio\okio\1.14.0\okio-1.14.0.jar;C:\Users\testinium\.m2\repository\com\thoughtworks\gauge\gauge-java\0.7.4\gauge-java-0.7.4.jar;C:\Users\testinium\.m2\repository\org\assertj\assertj-core\3.14.0\assertj-core-3.14.0.jar;C:\Users\testinium\.m2\repository\org\reflections\reflections\0.9.11\reflections-0.9.11.jar;C:\Users\testinium\.m2\repository\org\javassist\javassist\3.21.0-GA\javassist-3.21.0-GA.jar;C:\Users\testinium\.m2\repository\com\github\javaparser\javaparser-core\2.5.1\javaparser-core-2.5.1.jar;C:\Users\testinium\.m2\repository\commons-io\commons-io\2.6\commons-io-2.6.jar;C:\Users\testinium\.m2\repository\commons-lang\commons-lang\2.6\commons-lang-2.6.jar;C:\Users\testinium\.m2\repository\org\json\json\20190722\json-20190722.jar;C:\Users\testinium\.m2\repository\com\google\protobuf\protobuf-java\3.11.1\protobuf-java-3.11.1.jar;C:\Users\testinium\.m2\repository\io\grpc\grpc-netty-shaded\1.26.0\grpc-netty-shaded-1.26.0.jar;C:\Users\testinium\.m2\repository\io\grpc\grpc-core\1.26.0\grpc-core-1.26.0.jar;C:\Users\testinium\.m2\repository\com\google\android\annotations\4.1.1.4\annotations-4.1.1.4.jar;C:\Users\testinium\.m2\repository\io\perfmark\perfmark-api\0.19.0\perfmark-api-0.19.0.jar;C:\Users\testinium\.m2\repository\io\opencensus\opencensus-api\0.24.0\opencensus-api-0.24.0.jar;C:\Users\testinium\.m2\repository\io\opencensus\opencensus-contrib-grpc-metrics\0.24.0\opencensus-contrib-grpc-metrics-0.24.0.jar;C:\Users\testinium\.m2\repository\io\grpc\grpc-protobuf\1.26.0\grpc-protobuf-1.26.0.jar;C:\Users\testinium\.m2\repository\io\grpc\grpc-api\1.26.0\grpc-api-1.26.0.jar;C:\Users\testinium\.m2\repository\io\grpc\grpc-context\1.26.0\grpc-context-1.26.0.jar;C:\Users\testinium\.m2\repository\com\google\api\grpc\proto-google-common-protos\1.12.0\proto-google-common-protos-1.12.0.jar;C:\Users\testinium\.m2\repository\io\grpc\grpc-protobuf-lite\1.26.0\grpc-protobuf-lite-1.26.0.jar;C:\Users\testinium\.m2\repository\io\grpc\grpc-stub\1.24.1\grpc-stub-1.24.1.jar;C:\Users\testinium\.m2\repository\javax\annotation\javax.annotation-api\1.3.2\javax.annotation-api-1.3.2.jar;C:\Users\testinium\.m2\repository\com\google\code\gson\gson\2.8.5\gson-2.8.5.jar;C:\Users\testinium\.m2\repository\log4j\log4j\1.2.17\log4j-1.2.17.jar
26-07-2021 03:27:46.973 [java] [DEBUG] found java executable in C:\Program Files\Java\jdk1.8.0_291\jre\bin\java.exe
26-07-2021 03:27:46.973 [java] [DEBUG] running - C:\Program Files\Java\jdk1.8.0_291\jre\bin\java.exe [-Dfile.encoding=UTF-8 com.thoughtworks.gauge.GaugeRuntime --start]
26-07-2021 03:27:46.973 [java] [DEBUG] stdout/stderr is logged to logs\7656-java.exe.out
26-07-2021 03:27:47.756 [Gauge] [DEBUG] Attempting to connect to grpc server at port: 54269
26-07-2021 03:27:47.851 [Gauge] [DEBUG] Successfully made the connection with runner with port: 54269
26-07-2021 03:27:47.851 [Gauge] [DEBUG] Validation started.
26-07-2021 03:27:47.949 [Gauge] [DEBUG] Validation completed.
26-07-2021 03:27:47.950 [Gauge] [DEBUG] Run started
26-07-2021 03:27:47.950 [Gauge] [DEBUG] Starting Html Report plugin
26-07-2021 03:27:47.961 [Gauge] [DEBUG] Attempting to connect to grpc server at port: 54272
26-07-2021 03:27:47.962 [Gauge] [DEBUG] Successfully made the connection with plugin with port: 54272
26-07-2021 03:27:47.962 [Gauge] [DEBUG] Initialising suite data store.
26-07-2021 03:27:50.323 [java] [DEBUG] Scanning packages for steps
26-07-2021 03:27:50.332 [java] [DEBUG] Scanning packages for hooks
26-07-2021 03:28:12.996 [html-report] [DEBUG] Transformed SuiteResult to report structure
26-07-2021 03:28:13.011 [html-report] [INFO] Successfully generated html-report to => C:\Users\testinium\Desktop\Intellij-Projects\LcwaikikiProject\reports\html-report\index.html
26-07-2021 03:28:13.011 [html-report] [DEBUG] Done generating HTML report using theme from C:\Users\testinium\AppData\Roaming\gauge\plugins\html-report\4.0.12\themes\default
26-07-2021 03:28:13.011 [Gauge] [DEBUG] Sending kill message to Html Report plugin.
26-07-2021 03:28:13.676 [Gauge] [DEBUG] Runner with PID:7656 has exited
26-07-2021 03:28:13.676 [Gauge] [INFO] Specifications:	1 executed	1 passed	0 failed	0 skipped
26-07-2021 03:28:13.676 [Gauge] [INFO] Scenarios:	1 executed	1 passed	0 failed	0 skipped
26-07-2021 03:28:13.676 [Gauge] [INFO] 
Total time taken: 25.045s
26-07-2021 03:28:13.676 [Gauge] [INFO] Updates are available. Run `gauge update -c` for more info.
26-07-2021 09:04:36.518 [Gauge] [DEBUG] Created gauge_screenshots_dir at C:\Users\testinium\Desktop\Intellij-Projects\LcwaikikiProject\.gauge\screenshots
26-07-2021 09:04:36.536 [Gauge] [DEBUG] Plugin java is already installed.
26-07-2021 09:04:36.538 [Gauge] [DEBUG] Plugin html-report is already installed.
26-07-2021 09:04:36.540 [Gauge] [DEBUG] Parsing started.
26-07-2021 09:04:36.540 [Gauge] [DEBUG] Started concepts parsing.
26-07-2021 09:04:36.556 [Gauge] [DEBUG] 15 concepts parsing completed.
26-07-2021 09:04:36.557 [Gauge] [DEBUG] Started specifications parsing.
26-07-2021 09:04:36.557 [Gauge] [DEBUG] 1 specifications parsing completed.
26-07-2021 09:04:36.558 [Gauge] [DEBUG] Parsing completed.
26-07-2021 09:04:37.343 [Gauge] [DEBUG] Checking updates...
26-07-2021 09:04:37.344 [Gauge] [DEBUG] Downloading https://downloads.gauge.org/plugin/html-report?l=java&p=html-report,java,screenshot,spectacle,xml-report&o=windows&a=amd64
26-07-2021 09:04:37.385 [java] [DEBUG] ***** Printing Properties/Env Values *****
26-07-2021 09:04:37.385 [java] [DEBUG] PATH: C:\Program Files\Java\jdk1.8.0_291\bin;C:\Windows\system32;C:\Windows;C:\Windows\System32\Wbem;C:\Windows\System32\WindowsPowerShell\v1.0\;C:\Windows\System32\OpenSSH\;C:\Program Files\NVIDIA Corporation\NVIDIA NvDLISR;C:\Program Files\nodejs\;C:\Program Files\maven\apache-maven-3.8.1\bin;C:\Program Files\Gauge\bin;C:\WINDOWS\system32;C:\WINDOWS;C:\WINDOWS\System32\Wbem;C:\WINDOWS\System32\WindowsPowerShell\v1.0\;C:\WINDOWS\System32\OpenSSH\;C:\Users\testinium\AppData\Local\Android\Sdk;C:\Users\testinium\AppData\Local\Android\Sdk\platform-tools;C:\Users\testinium\AppData\Local\Android\Sdk\tools;C:\Users\testinium\AppData\Local\Android\Sdk\build-tools;C:\Users\testinium\AppData\Local\Microsoft\WindowsApps;C:\Users\testinium\AppData\Roaming\npm;C:\Users\testinium\AppData\Local\GitHubDesktop\bin;C:\Users\testinium\AppData\Roaming\gauge\plugins\screenshot\0.0.1
26-07-2021 09:04:37.385 [java] [DEBUG] JAVA_HOME: C:\Program Files\Java\jdk1.8.0_291
26-07-2021 09:04:37.385 [java] [DEBUG] gauge_project_root: C:\Users\testinium\Desktop\Intellij-Projects\LcwaikikiProject
26-07-2021 09:04:37.385 [java] [DEBUG] gauge_parallel_streams_count: 
26-07-2021 09:04:37.385 [java] [DEBUG] gauge_reports_dir: reports
26-07-2021 09:04:37.385 [java] [DEBUG] overwrite_reports: true
26-07-2021 09:04:37.385 [java] [DEBUG] logs_directory: logs
26-07-2021 09:04:37.385 [java] [DEBUG] enable_multithreading: 
26-07-2021 09:04:37.385 [java] [DEBUG] gauge_specs_dir: specs
26-07-2021 09:04:37.385 [java] [DEBUG] csv_delimiter: ,
26-07-2021 09:04:37.385 [java] [DEBUG] gauge_java_home: 
26-07-2021 09:04:37.385 [java] [DEBUG] gauge_custom_build_path: 
26-07-2021 09:04:37.385 [java] [DEBUG] gauge_additional_libs: libs/*
26-07-2021 09:04:37.385 [java] [DEBUG] gauge_jvm_args: 
26-07-2021 09:04:37.385 [java] [DEBUG] gauge_custom_compile_dir: 
26-07-2021 09:04:37.386 [java] [DEBUG] gauge_clear_state_level: scenario
26-07-2021 09:04:37.386 [java] [DEBUG] ***** END *****
26-07-2021 09:04:37.805 [Gauge] [DEBUG] Downloading https://downloads.gauge.org/plugin/java?l=java&p=html-report,java,screenshot,spectacle,xml-report&o=windows&a=amd64
26-07-2021 09:04:37.978 [Gauge] [DEBUG] Downloading https://downloads.gauge.org/plugin/screenshot?l=java&p=html-report,java,screenshot,spectacle,xml-report&o=windows&a=amd64
26-07-2021 09:04:38.208 [Gauge] [DEBUG] Downloading https://downloads.gauge.org/plugin/spectacle?l=java&p=html-report,java,screenshot,spectacle,xml-report&o=windows&a=amd64
26-07-2021 09:04:38.456 [Gauge] [DEBUG] Downloading https://downloads.gauge.org/plugin/xml-report?l=java&p=html-report,java,screenshot,spectacle,xml-report&o=windows&a=amd64
26-07-2021 09:04:40.870 [java] [ERROR] Installed version of gauge-java (0.7.15) does not match with dependency gauge-java (0.7.4) specified in pom.xml file
26-07-2021 09:04:40.870 [java] [DEBUG] classpath set to C:\Program Files\Java\jdk1.8.0_291\jre\lib\charsets.jar;C:\Program Files\Java\jdk1.8.0_291\jre\lib\deploy.jar;C:\Program Files\Java\jdk1.8.0_291\jre\lib\ext\access-bridge-64.jar;C:\Program Files\Java\jdk1.8.0_291\jre\lib\ext\cldrdata.jar;C:\Program Files\Java\jdk1.8.0_291\jre\lib\ext\dnsns.jar;C:\Program Files\Java\jdk1.8.0_291\jre\lib\ext\jaccess.jar;C:\Program Files\Java\jdk1.8.0_291\jre\lib\ext\jfxrt.jar;C:\Program Files\Java\jdk1.8.0_291\jre\lib\ext\localedata.jar;C:\Program Files\Java\jdk1.8.0_291\jre\lib\ext\nashorn.jar;C:\Program Files\Java\jdk1.8.0_291\jre\lib\ext\sunec.jar;C:\Program Files\Java\jdk1.8.0_291\jre\lib\ext\sunjce_provider.jar;C:\Program Files\Java\jdk1.8.0_291\jre\lib\ext\sunmscapi.jar;C:\Program Files\Java\jdk1.8.0_291\jre\lib\ext\sunpkcs11.jar;C:\Program Files\Java\jdk1.8.0_291\jre\lib\ext\zipfs.jar;C:\Program Files\Java\jdk1.8.0_291\jre\lib\javaws.jar;C:\Program Files\Java\jdk1.8.0_291\jre\lib\jce.jar;C:\Program Files\Java\jdk1.8.0_291\jre\lib\jfr.jar;C:\Program Files\Java\jdk1.8.0_291\jre\lib\jfxswt.jar;C:\Program Files\Java\jdk1.8.0_291\jre\lib\jsse.jar;C:\Program Files\Java\jdk1.8.0_291\jre\lib\management-agent.jar;C:\Program Files\Java\jdk1.8.0_291\jre\lib\plugin.jar;C:\Program Files\Java\jdk1.8.0_291\jre\lib\resources.jar;C:\Program Files\Java\jdk1.8.0_291\jre\lib\rt.jar;C:\Users\testinium\Desktop\Intellij-Projects\LcwaikikiProject\target\test-classes;C:\Users\testinium\Desktop\Intellij-Projects\LcwaikikiProject\target\classes;C:\Users\testinium\.m2\repository\junit\junit\4.13.2\junit-4.13.2.jar;C:\Users\testinium\.m2\repository\org\hamcrest\hamcrest-core\1.3\hamcrest-core-1.3.jar;C:\Users\testinium\.m2\repository\org\seleniumhq\selenium\selenium-java\3.141.59\selenium-java-3.141.59.jar;C:\Users\testinium\.m2\repository\org\seleniumhq\selenium\selenium-api\3.141.59\selenium-api-3.141.59.jar;C:\Users\testinium\.m2\repository\org\seleniumhq\selenium\selenium-chrome-driver\3.141.59\selenium-chrome-driver-3.141.59.jar;C:\Users\testinium\.m2\repository\org\seleniumhq\selenium\selenium-edge-driver\3.141.59\selenium-edge-driver-3.141.59.jar;C:\Users\testinium\.m2\repository\org\seleniumhq\selenium\selenium-firefox-driver\3.141.59\selenium-firefox-driver-3.141.59.jar;C:\Users\testinium\.m2\repository\org\seleniumhq\selenium\selenium-ie-driver\3.141.59\selenium-ie-driver-3.141.59.jar;C:\Users\testinium\.m2\repository\org\seleniumhq\selenium\selenium-opera-driver\3.141.59\selenium-opera-driver-3.141.59.jar;C:\Users\testinium\.m2\repository\org\seleniumhq\selenium\selenium-remote-driver\3.141.59\selenium-remote-driver-3.141.59.jar;C:\Users\testinium\.m2\repository\org\seleniumhq\selenium\selenium-safari-driver\3.141.59\selenium-safari-driver-3.141.59.jar;C:\Users\testinium\.m2\repository\org\seleniumhq\selenium\selenium-support\3.141.59\selenium-support-3.141.59.jar;C:\Users\testinium\.m2\repository\net\bytebuddy\byte-buddy\1.8.15\byte-buddy-1.8.15.jar;C:\Users\testinium\.m2\repository\org\apache\commons\commons-exec\1.3\commons-exec-1.3.jar;C:\Users\testinium\.m2\repository\com\google\guava\guava\25.0-jre\guava-25.0-jre.jar;C:\Users\testinium\.m2\repository\com\google\code\findbugs\jsr305\1.3.9\jsr305-1.3.9.jar;C:\Users\testinium\.m2\repository\org\checkerframework\checker-compat-qual\2.0.0\checker-compat-qual-2.0.0.jar;C:\Users\testinium\.m2\repository\com\google\errorprone\error_prone_annotations\2.1.3\error_prone_annotations-2.1.3.jar;C:\Users\testinium\.m2\repository\com\google\j2objc\j2objc-annotations\1.1\j2objc-annotations-1.1.jar;C:\Users\testinium\.m2\repository\org\codehaus\mojo\animal-sniffer-annotations\1.14\animal-sniffer-annotations-1.14.jar;C:\Users\testinium\.m2\repository\com\squareup\okhttp3\okhttp\3.11.0\okhttp-3.11.0.jar;C:\Users\testinium\.m2\repository\com\squareup\okio\okio\1.14.0\okio-1.14.0.jar;C:\Users\testinium\.m2\repository\com\thoughtworks\gauge\gauge-java\0.7.4\gauge-java-0.7.4.jar;C:\Users\testinium\.m2\repository\org\assertj\assertj-core\3.14.0\assertj-core-3.14.0.jar;C:\Users\testinium\.m2\repository\org\reflections\reflections\0.9.11\reflections-0.9.11.jar;C:\Users\testinium\.m2\repository\org\javassist\javassist\3.21.0-GA\javassist-3.21.0-GA.jar;C:\Users\testinium\.m2\repository\com\github\javaparser\javaparser-core\2.5.1\javaparser-core-2.5.1.jar;C:\Users\testinium\.m2\repository\commons-io\commons-io\2.6\commons-io-2.6.jar;C:\Users\testinium\.m2\repository\commons-lang\commons-lang\2.6\commons-lang-2.6.jar;C:\Users\testinium\.m2\repository\org\json\json\20190722\json-20190722.jar;C:\Users\testinium\.m2\repository\com\google\protobuf\protobuf-java\3.11.1\protobuf-java-3.11.1.jar;C:\Users\testinium\.m2\repository\io\grpc\grpc-netty-shaded\1.26.0\grpc-netty-shaded-1.26.0.jar;C:\Users\testinium\.m2\repository\io\grpc\grpc-core\1.26.0\grpc-core-1.26.0.jar;C:\Users\testinium\.m2\repository\com\google\android\annotations\4.1.1.4\annotations-4.1.1.4.jar;C:\Users\testinium\.m2\repository\io\perfmark\perfmark-api\0.19.0\perfmark-api-0.19.0.jar;C:\Users\testinium\.m2\repository\io\opencensus\opencensus-api\0.24.0\opencensus-api-0.24.0.jar;C:\Users\testinium\.m2\repository\io\opencensus\opencensus-contrib-grpc-metrics\0.24.0\opencensus-contrib-grpc-metrics-0.24.0.jar;C:\Users\testinium\.m2\repository\io\grpc\grpc-protobuf\1.26.0\grpc-protobuf-1.26.0.jar;C:\Users\testinium\.m2\repository\io\grpc\grpc-api\1.26.0\grpc-api-1.26.0.jar;C:\Users\testinium\.m2\repository\io\grpc\grpc-context\1.26.0\grpc-context-1.26.0.jar;C:\Users\testinium\.m2\repository\com\google\api\grpc\proto-google-common-protos\1.12.0\proto-google-common-protos-1.12.0.jar;C:\Users\testinium\.m2\repository\io\grpc\grpc-protobuf-lite\1.26.0\grpc-protobuf-lite-1.26.0.jar;C:\Users\testinium\.m2\repository\io\grpc\grpc-stub\1.24.1\grpc-stub-1.24.1.jar;C:\Users\testinium\.m2\repository\javax\annotation\javax.annotation-api\1.3.2\javax.annotation-api-1.3.2.jar;C:\Users\testinium\.m2\repository\com\google\code\gson\gson\2.8.5\gson-2.8.5.jar;C:\Users\testinium\.m2\repository\log4j\log4j\1.2.17\log4j-1.2.17.jar
26-07-2021 09:04:40.935 [java] [DEBUG] found java executable in C:\Program Files\Java\jdk1.8.0_291\jre\bin\java.exe
26-07-2021 09:04:40.935 [java] [DEBUG] running - C:\Program Files\Java\jdk1.8.0_291\jre\bin\java.exe [-Dfile.encoding=UTF-8 com.thoughtworks.gauge.GaugeRuntime --start]
26-07-2021 09:04:40.935 [java] [DEBUG] stdout/stderr is logged to logs\10936-java.exe.out
26-07-2021 09:04:42.289 [Gauge] [DEBUG] Attempting to connect to grpc server at port: 59016
26-07-2021 09:04:42.451 [Gauge] [DEBUG] Successfully made the connection with runner with port: 59016
26-07-2021 09:04:42.451 [Gauge] [DEBUG] Validation started.
26-07-2021 09:04:42.699 [Gauge] [DEBUG] Validation completed.
26-07-2021 09:04:42.709 [Gauge] [DEBUG] Run started
26-07-2021 09:04:42.709 [Gauge] [DEBUG] Starting Html Report plugin
26-07-2021 09:04:42.768 [Gauge] [DEBUG] Attempting to connect to grpc server at port: 59019
26-07-2021 09:04:42.769 [Gauge] [DEBUG] Successfully made the connection with plugin with port: 59019
26-07-2021 09:04:42.769 [Gauge] [DEBUG] Initialising suite data store.
26-07-2021 09:04:46.698 [java] [DEBUG] Scanning packages for steps
26-07-2021 09:04:46.751 [java] [DEBUG] Scanning packages for hooks
26-07-2021 09:05:15.475 [html-report] [DEBUG] Transformed SuiteResult to report structure
26-07-2021 09:05:15.769 [Gauge] [DEBUG] Sending kill message to Html Report plugin.
26-07-2021 09:05:15.771 [html-report] [INFO] Successfully generated html-report to => C:\Users\testinium\Desktop\Intellij-Projects\LcwaikikiProject\reports\html-report\index.html
26-07-2021 09:05:15.771 [html-report] [DEBUG] Done generating HTML report using theme from C:\Users\testinium\AppData\Roaming\gauge\plugins\html-report\4.0.12\themes\default
26-07-2021 09:05:16.535 [Gauge] [DEBUG] Runner with PID:10936 has exited
26-07-2021 09:05:16.535 [Gauge] [INFO] Specifications:	1 executed	1 passed	0 failed	0 skipped
26-07-2021 09:05:16.535 [Gauge] [INFO] Scenarios:	1 executed	1 passed	0 failed	0 skipped
26-07-2021 09:05:16.535 [Gauge] [INFO] 
Total time taken: 32.757s
26-07-2021 09:05:16.535 [Gauge] [INFO] Updates are available. Run `gauge update -c` for more info.
